[0.010s] Invoking command in '/home/heto/houseRobo_ros2_ws/build/sllidar_ros2': CMAKE_PREFIX_PATH=/opt/ros/foxy CONDA_PROMPT_MODIFIER=(base) /usr/bin/cmake --build /home/heto/houseRobo_ros2_ws/build/sllidar_ros2 -- -j16 -l16
[0.043s] [ 28%] Built target sllidar_client
[0.043s] [100%] Built target sllidar_node
[0.048s] Invoked command in '/home/heto/houseRobo_ros2_ws/build/sllidar_ros2' returned '0': CMAKE_PREFIX_PATH=/opt/ros/foxy CONDA_PROMPT_MODIFIER=(base) /usr/bin/cmake --build /home/heto/houseRobo_ros2_ws/build/sllidar_ros2 -- -j16 -l16
[0.076s] Invoking command in '/home/heto/houseRobo_ros2_ws/build/sllidar_ros2': CMAKE_PREFIX_PATH=/opt/ros/foxy CONDA_PROMPT_MODIFIER=(base) /usr/bin/cmake --install /home/heto/houseRobo_ros2_ws/build/sllidar_ros2
[0.080s] -- Install configuration: ""
[0.080s] -- Execute custom install script
[0.081s] -- Up-to-date symlink: /home/heto/houseRobo_ros2_ws/install/sllidar_ros2/share/sllidar_ros2/launch/sllidar_a3_launch.py
[0.081s] -- Up-to-date symlink: /home/heto/houseRobo_ros2_ws/install/sllidar_ros2/share/sllidar_ros2/launch/sllidar_launch.py
[0.081s] -- Up-to-date symlink: /home/heto/houseRobo_ros2_ws/install/sllidar_ros2/share/sllidar_ros2/launch/sllidar_s1_launch.py
[0.081s] -- Up-to-date symlink: /home/heto/houseRobo_ros2_ws/install/sllidar_ros2/share/sllidar_ros2/launch/sllidar_s1_tcp_launch.py
[0.081s] -- Up-to-date symlink: /home/heto/houseRobo_ros2_ws/install/sllidar_ros2/share/sllidar_ros2/launch/sllidar_s2_launch.py
[0.081s] -- Up-to-date symlink: /home/heto/houseRobo_ros2_ws/install/sllidar_ros2/share/sllidar_ros2/launch/sllidar_s2e_launch.py
[0.082s] -- Up-to-date symlink: /home/heto/houseRobo_ros2_ws/install/sllidar_ros2/share/sllidar_ros2/launch/sllidar_t1_launch.py
[0.082s] -- Up-to-date symlink: /home/heto/houseRobo_ros2_ws/install/sllidar_ros2/share/sllidar_ros2/launch/view_sllidar_a3_launch.py
[0.082s] -- Up-to-date symlink: /home/heto/houseRobo_ros2_ws/install/sllidar_ros2/share/sllidar_ros2/launch/view_sllidar_launch.py
[0.082s] -- Up-to-date symlink: /home/heto/houseRobo_ros2_ws/install/sllidar_ros2/share/sllidar_ros2/launch/view_sllidar_s1_launch.py
[0.082s] -- Up-to-date symlink: /home/heto/houseRobo_ros2_ws/install/sllidar_ros2/share/sllidar_ros2/launch/view_sllidar_s1_tcp_launch.py
[0.082s] -- Up-to-date symlink: /home/heto/houseRobo_ros2_ws/install/sllidar_ros2/share/sllidar_ros2/launch/view_sllidar_s2_launch.py
[0.082s] -- Up-to-date symlink: /home/heto/houseRobo_ros2_ws/install/sllidar_ros2/share/sllidar_ros2/launch/view_sllidar_s2e_launch.py
[0.083s] -- Up-to-date symlink: /home/heto/houseRobo_ros2_ws/install/sllidar_ros2/share/sllidar_ros2/launch/view_sllidar_t1_launch.py
[0.083s] -- Up-to-date symlink: /home/heto/houseRobo_ros2_ws/install/sllidar_ros2/share/sllidar_ros2/rviz/sllidar_ros2.rviz
[0.083s] -- Up-to-date symlink: /home/heto/houseRobo_ros2_ws/install/sllidar_ros2/lib/sllidar_ros2/sllidar_node
[0.083s] -- Up-to-date symlink: /home/heto/houseRobo_ros2_ws/install/sllidar_ros2/lib/sllidar_ros2/sllidar_client
[0.083s] -- Up-to-date symlink: /home/heto/houseRobo_ros2_ws/install/sllidar_ros2/share/ament_index/resource_index/package_run_dependencies/sllidar_ros2
[0.083s] -- Up-to-date symlink: /home/heto/houseRobo_ros2_ws/install/sllidar_ros2/share/ament_index/resource_index/parent_prefix_path/sllidar_ros2
[0.083s] -- Up-to-date symlink: /home/heto/houseRobo_ros2_ws/install/sllidar_ros2/share/sllidar_ros2/environment/ament_prefix_path.sh
[0.083s] -- Up-to-date symlink: /home/heto/houseRobo_ros2_ws/install/sllidar_ros2/share/sllidar_ros2/environment/ament_prefix_path.dsv
[0.083s] -- Up-to-date symlink: /home/heto/houseRobo_ros2_ws/install/sllidar_ros2/share/sllidar_ros2/environment/path.sh
[0.084s] -- Up-to-date symlink: /home/heto/houseRobo_ros2_ws/install/sllidar_ros2/share/sllidar_ros2/environment/path.dsv
[0.084s] -- Up-to-date symlink: /home/heto/houseRobo_ros2_ws/install/sllidar_ros2/share/sllidar_ros2/local_setup.bash
[0.084s] -- Up-to-date symlink: /home/heto/houseRobo_ros2_ws/install/sllidar_ros2/share/sllidar_ros2/local_setup.sh
[0.084s] -- Up-to-date symlink: /home/heto/houseRobo_ros2_ws/install/sllidar_ros2/share/sllidar_ros2/local_setup.zsh
[0.084s] -- Up-to-date symlink: /home/heto/houseRobo_ros2_ws/install/sllidar_ros2/share/sllidar_ros2/local_setup.dsv
[0.084s] -- Symlinking: /home/heto/houseRobo_ros2_ws/install/sllidar_ros2/share/sllidar_ros2/package.dsv
[0.089s] -- Up-to-date symlink: /home/heto/houseRobo_ros2_ws/install/sllidar_ros2/share/ament_index/resource_index/packages/sllidar_ros2
[0.090s] -- Up-to-date symlink: /home/heto/houseRobo_ros2_ws/install/sllidar_ros2/share/sllidar_ros2/cmake/ament_cmake_export_dependencies-extras.cmake
[0.090s] -- Up-to-date symlink: /home/heto/houseRobo_ros2_ws/install/sllidar_ros2/share/sllidar_ros2/cmake/ament_cmake_export_include_directories-extras.cmake
[0.090s] -- Up-to-date symlink: /home/heto/houseRobo_ros2_ws/install/sllidar_ros2/share/sllidar_ros2/cmake/sllidar_ros2Config.cmake
[0.090s] -- Up-to-date symlink: /home/heto/houseRobo_ros2_ws/install/sllidar_ros2/share/sllidar_ros2/cmake/sllidar_ros2Config-version.cmake
[0.090s] -- Up-to-date symlink: /home/heto/houseRobo_ros2_ws/install/sllidar_ros2/share/sllidar_ros2/package.xml
[0.091s] Invoked command in '/home/heto/houseRobo_ros2_ws/build/sllidar_ros2' returned '0': CMAKE_PREFIX_PATH=/opt/ros/foxy CONDA_PROMPT_MODIFIER=(base) /usr/bin/cmake --install /home/heto/houseRobo_ros2_ws/build/sllidar_ros2
