[0.013s] Invoking command in '/home/heto/houseRobo/houseRobo_ros2_ws/src/build/sllidar_ros2': CMAKE_PREFIX_PATH=${CMAKE_PREFIX_PATH}:/opt/ros/foxy CONDA_PROMPT_MODIFIER=(base) /usr/bin/cmake /home/heto/houseRobo/houseRobo_ros2_ws/src/sllidar_ros2 -DAMENT_CMAKE_SYMLINK_INSTALL=1 -DCMAKE_INSTALL_PREFIX=/home/heto/houseRobo/houseRobo_ros2_ws/src/install/sllidar_ros2
[0.303s] -- The C compiler identification is GNU 9.4.0
[0.582s] -- The CXX compiler identification is GNU 9.4.0
[0.691s] -- Check for working C compiler: /usr/bin/cc
[0.814s] -- Check for working C compiler: /usr/bin/cc -- works
[0.816s] -- Detecting C compiler ABI info
[0.935s] -- Detecting C compiler ABI info - done
[0.943s] -- Detecting C compile features
[0.944s] -- Detecting C compile features - done
[0.947s] -- Check for working CXX compiler: /usr/bin/c++
[1.073s] -- Check for working CXX compiler: /usr/bin/c++ -- works
[1.074s] -- Detecting CXX compiler ABI info
[1.196s] -- Detecting CXX compiler ABI info - done
[1.203s] -- Detecting CXX compile features
[1.203s] -- Detecting CXX compile features - done
[1.208s] -- Found ament_cmake: 0.9.12 (/opt/ros/foxy/share/ament_cmake/cmake)
[1.232s] -- Found PythonInterp: /home/heto/anaconda3/bin/python3 (found suitable version "3.8.12", minimum required is "3") 
[1.232s] -- Using PYTHON_EXECUTABLE: /home/heto/anaconda3/bin/python3
[1.427s] -- Override CMake install command with custom implementation using symlinks instead of copying resources
[1.463s] -- Found rclcpp: 2.4.3 (/opt/ros/foxy/share/rclcpp/cmake)
[1.641s] -- Using all available rosidl_typesupport_c: rosidl_typesupport_fastrtps_c;rosidl_typesupport_introspection_c
[1.650s] -- Found rosidl_adapter: 1.3.1 (/opt/ros/foxy/share/rosidl_adapter/cmake)
[2.634s] -- Found OpenSSL: /usr/lib/x86_64-linux-gnu/libcrypto.so (found version "1.1.1f")  
[3.610s] -- Found FastRTPS: /opt/ros/foxy/include  
[5.386s] -- Using all available rosidl_typesupport_cpp: rosidl_typesupport_fastrtps_cpp;rosidl_typesupport_introspection_cpp
[5.443s] -- Found rmw_implementation_cmake: 1.0.4 (/opt/ros/foxy/share/rmw_implementation_cmake/cmake)
[5.445s] -- Using RMW implementation 'rmw_fastrtps_cpp' as default
[5.448s] -- Looking for pthread.h
[5.578s] -- Looking for pthread.h - found
[5.579s] -- Performing Test CMAKE_HAVE_LIBC_PTHREAD
[5.700s] -- Performing Test CMAKE_HAVE_LIBC_PTHREAD - Failed
[5.700s] -- Looking for pthread_create in pthreads
[5.813s] -- Looking for pthread_create in pthreads - not found
[5.813s] -- Looking for pthread_create in pthread
[5.933s] -- Looking for pthread_create in pthread - found
[5.933s] -- Found Threads: TRUE  
[6.062s] -- Found sensor_msgs: 2.0.5 (/opt/ros/foxy/share/sensor_msgs/cmake)
[6.153s] -- Found std_srvs: 2.0.5 (/opt/ros/foxy/share/std_srvs/cmake)
[6.267s] -- Configuring done
[6.278s] -- Generating done
[6.279s] -- Build files have been written to: /home/heto/houseRobo/houseRobo_ros2_ws/src/build/sllidar_ros2
[6.286s] Invoked command in '/home/heto/houseRobo/houseRobo_ros2_ws/src/build/sllidar_ros2' returned '0': CMAKE_PREFIX_PATH=${CMAKE_PREFIX_PATH}:/opt/ros/foxy CONDA_PROMPT_MODIFIER=(base) /usr/bin/cmake /home/heto/houseRobo/houseRobo_ros2_ws/src/sllidar_ros2 -DAMENT_CMAKE_SYMLINK_INSTALL=1 -DCMAKE_INSTALL_PREFIX=/home/heto/houseRobo/houseRobo_ros2_ws/src/install/sllidar_ros2
[6.288s] Invoking command in '/home/heto/houseRobo/houseRobo_ros2_ws/src/build/sllidar_ros2': CMAKE_PREFIX_PATH=${CMAKE_PREFIX_PATH}:/opt/ros/foxy CONDA_PROMPT_MODIFIER=(base) /usr/bin/cmake --build /home/heto/houseRobo/houseRobo_ros2_ws/src/build/sllidar_ros2 -- -j16 -l16
[6.319s] [35m[1mScanning dependencies of target sllidar_client[0m
[6.319s] [35m[1mScanning dependencies of target sllidar_node[0m
[6.448s] [ 14%] [32mBuilding CXX object CMakeFiles/sllidar_node.dir/sdk/src/arch/linux/net_serial.cpp.o[0m
[6.448s] [ 14%] [32mBuilding CXX object CMakeFiles/sllidar_client.dir/src/sllidar_client.cpp.o[0m
[6.448s] [ 28%] [32mBuilding CXX object CMakeFiles/sllidar_node.dir/src/sllidar_node.cpp.o[0m
[6.448s] [ 28%] [32mBuilding CXX object CMakeFiles/sllidar_node.dir/sdk/src/arch/linux/timer.cpp.o[0m
[6.449s] [ 35%] [32mBuilding CXX object CMakeFiles/sllidar_node.dir/sdk/src/arch/linux/net_socket.cpp.o[0m
[6.449s] [ 42%] [32mBuilding CXX object CMakeFiles/sllidar_node.dir/sdk/src/hal/thread.cpp.o[0m
[6.449s] [ 50%] [32mBuilding CXX object CMakeFiles/sllidar_node.dir/sdk/src/rplidar_driver.cpp.o[0m
[6.450s] [ 57%] [32mBuilding CXX object CMakeFiles/sllidar_node.dir/sdk/src/sl_lidar_driver.cpp.o[0m
[6.450s] [ 64%] [32mBuilding CXX object CMakeFiles/sllidar_node.dir/sdk/src/sl_crc.cpp.o[0m
[6.450s] [ 71%] [32mBuilding CXX object CMakeFiles/sllidar_node.dir/sdk/src/sl_tcp_channel.cpp.o[0m
[6.450s] [ 78%] [32mBuilding CXX object CMakeFiles/sllidar_node.dir/sdk/src/sl_serial_channel.cpp.o[0m
[6.450s] [ 85%] [32mBuilding CXX object CMakeFiles/sllidar_node.dir/sdk/src/sl_udp_channel.cpp.o[0m
[6.458s] [01m[K/home/heto/houseRobo/houseRobo_ros2_ws/src/sllidar_ros2/sdk/src/sl_serial_channel.cpp:33:9:[m[K [01;35m[Kwarning: [m[K#pragma once in main file
[6.458s]    33 | #pragma [01;35m[Konce[m[K
[6.458s]       |         [01;35m[K^~~~[m[K
[6.458s] [01m[K/home/heto/houseRobo/houseRobo_ros2_ws/src/sllidar_ros2/sdk/src/sl_tcp_channel.cpp:33:9:[m[K [01;35m[Kwarning: [m[K#pragma once in main file
[6.458s]    33 | #pragma [01;35m[Konce[m[K
[6.458s]       |         [01;35m[K^~~~[m[K
[6.458s] [01m[K/home/heto/houseRobo/houseRobo_ros2_ws/src/sllidar_ros2/sdk/src/sl_udp_channel.cpp:33:9:[m[K [01;35m[Kwarning: [m[K#pragma once in main file
[6.458s]    33 | #pragma [01;35m[Konce[m[K
[6.458s]       |         [01;35m[K^~~~[m[K
[6.462s] In file included from [01m[K/home/heto/houseRobo/houseRobo_ros2_ws/src/sllidar_ros2/./sdk/include/sl_lidar_cmd.h:36[m[K,
[6.463s]                  from [01m[K/home/heto/houseRobo/houseRobo_ros2_ws/src/sllidar_ros2/./sdk/include/sl_crc.h:36[m[K,
[6.463s]                  from [01m[K/home/heto/houseRobo/houseRobo_ros2_ws/src/sllidar_ros2/sdk/src/sl_crc.cpp:33[m[K:
[6.463s] [01m[K/home/heto/houseRobo/houseRobo_ros2_ws/src/sllidar_ros2/./sdk/include/sl_lidar_protocol.h:58:16:[m[K [01;35m[Kwarning: [m[KISO C++ forbids zero-size array ‘[01m[Kdata[m[K’ [[01;35m[K-Wpedantic[m[K]
[6.463s]    58 |     sl_u8 data[[01;35m[K0[m[K];
[6.463s]       |                [01;35m[K^[m[K
[6.463s] In file included from [01m[K/home/heto/houseRobo/houseRobo_ros2_ws/src/sllidar_ros2/./sdk/include/sl_crc.h:36[m[K,
[6.463s]                  from [01m[K/home/heto/houseRobo/houseRobo_ros2_ws/src/sllidar_ros2/sdk/src/sl_crc.cpp:33[m[K:
[6.463s] [01m[K/home/heto/houseRobo/houseRobo_ros2_ws/src/sllidar_ros2/./sdk/include/sl_lidar_cmd.h:295:20:[m[K [01;35m[Kwarning: [m[KISO C++ forbids zero-size array ‘[01m[Kpayload[m[K’ [[01;35m[K-Wpedantic[m[K]
[6.463s]   295 |     sl_u8  payload[[01;35m[K0[m[K];
[6.463s]       |                    [01;35m[K^[m[K
[6.464s] [01m[K/home/heto/houseRobo/houseRobo_ros2_ws/src/sllidar_ros2/sdk/src/sl_crc.cpp:[m[K In function ‘[01m[Ksl_u32 sl::crc32::cal(sl_u32, void*, sl_u16)[m[K’:
[6.464s] [01m[K/home/heto/houseRobo/houseRobo_ros2_ws/src/sllidar_ros2/sdk/src/sl_crc.cpp:77:29:[m[K [01;35m[Kwarning: [m[Ksuggest parentheses around ‘[01m[K-[m[K’ in operand of ‘[01m[K&[m[K’ [[01;35m[K-Wparentheses[m[K]
[6.464s]    77 |         sl_u8 leftBytes = [01;35m[K4 - len[m[K & 0x3;
[6.464s]       |                           [01;35m[K~~^~~~~[m[K
[6.542s] In file included from [01m[K/home/heto/houseRobo/houseRobo_ros2_ws/src/sllidar_ros2/sdk/src/sdkcommon.h:47[m[K,
[6.542s]                  from [01m[K/home/heto/houseRobo/houseRobo_ros2_ws/src/sllidar_ros2/sdk/src/rplidar_driver.cpp:33[m[K:
[6.543s] [01m[K/home/heto/houseRobo/houseRobo_ros2_ws/src/sllidar_ros2/sdk/src/hal/assert.h:1:1:[m[K [01;35m[Kwarning: [m[Knull character(s) ignored
[6.543s]     1 | [01;35m[K [m[K                                                                                                                                                                                                                                                                                                                        
[6.543s]       | [01;35m[K^[m[K
[6.543s] In file included from [01m[K/home/heto/houseRobo/houseRobo_ros2_ws/src/sllidar_ros2/./sdk/src/sdkcommon.h:47[m[K,
[6.543s]                  from [01m[K/home/heto/houseRobo/houseRobo_ros2_ws/src/sllidar_ros2/sdk/src/hal/thread.cpp:35[m[K:
[6.543s] [01m[K/home/heto/houseRobo/houseRobo_ros2_ws/src/sllidar_ros2/./sdk/src/hal/assert.h:1:1:[m[K [01;35m[Kwarning: [m[Knull character(s) ignored
[6.543s]     1 | [01;35m[K [m[K                                                                                                                                                                                                                                                                                                                        
[6.543s]       | [01;35m[K^[m[K
[6.543s] In file included from [01m[K/home/heto/houseRobo/houseRobo_ros2_ws/src/sllidar_ros2/sdk/src/sdkcommon.h:47[m[K,
[6.543s]                  from [01m[K/home/heto/houseRobo/houseRobo_ros2_ws/src/sllidar_ros2/sdk/src/sl_lidar_driver.cpp:33[m[K:
[6.543s] [01m[K/home/heto/houseRobo/houseRobo_ros2_ws/src/sllidar_ros2/sdk/src/hal/assert.h:1:1:[m[K [01;35m[Kwarning: [m[Knull character(s) ignored
[6.543s]     1 | [01;35m[K [m[K                                                                                                                                                                                                                                                                                                                        
[6.543s]       | [01;35m[K^[m[K
[6.543s] In file included from [01m[K/home/heto/houseRobo/houseRobo_ros2_ws/src/sllidar_ros2/./sdk/src/sdkcommon.h:47[m[K,
[6.544s]                  from [01m[K/home/heto/houseRobo/houseRobo_ros2_ws/src/sllidar_ros2/sdk/src/arch/linux/net_socket.cpp:10[m[K:
[6.544s] [01m[K/home/heto/houseRobo/houseRobo_ros2_ws/src/sllidar_ros2/./sdk/src/hal/assert.h:1:1:[m[K [01;35m[Kwarning: [m[Knull character(s) ignored
[6.544s]     1 | [01;35m[K [m[K                                                                                                                                                                                                                                                                                                                        
[6.544s]       | [01;35m[K^[m[K
[6.550s] In file included from [01m[K/home/heto/houseRobo/houseRobo_ros2_ws/src/sllidar_ros2/sdk/src/rplidar_driver.cpp:37[m[K:
[6.550s] [01m[K/home/heto/houseRobo/houseRobo_ros2_ws/src/sllidar_ros2/sdk/src/hal/assert.h:1:1:[m[K [01;35m[Kwarning: [m[Knull character(s) ignored
[6.551s]     1 | [01;35m[K [m[K                                                                                                                                                                                                                                                                                                                        
[6.551s]       | [01;35m[K^[m[K
[6.551s] In file included from [01m[K/home/heto/houseRobo/houseRobo_ros2_ws/src/sllidar_ros2/sdk/src/sl_lidar_driver.cpp:37[m[K:
[6.551s] [01m[K/home/heto/houseRobo/houseRobo_ros2_ws/src/sllidar_ros2/sdk/src/hal/assert.h:1:1:[m[K [01;35m[Kwarning: [m[Knull character(s) ignored
[6.551s]     1 | [01;35m[K [m[K                                                                                                                                                                                                                                                                                                                        
[6.551s]       | [01;35m[K^[m[K
[6.667s] In file included from [01m[K/home/heto/houseRobo/houseRobo_ros2_ws/src/sllidar_ros2/./sdk/include/sl_lidar_cmd.h:36[m[K,
[6.667s]                  from [01m[K/home/heto/houseRobo/houseRobo_ros2_ws/src/sllidar_ros2/./sdk/include/sl_lidar_driver.h:54[m[K,
[6.667s]                  from [01m[K/home/heto/houseRobo/houseRobo_ros2_ws/src/sllidar_ros2/sdk/src/sl_serial_channel.cpp:34[m[K:
[6.667s] [01m[K/home/heto/houseRobo/houseRobo_ros2_ws/src/sllidar_ros2/./sdk/include/sl_lidar_protocol.h:58:16:[m[K [01;35m[Kwarning: [m[KISO C++ forbids zero-size array ‘[01m[Kdata[m[K’ [[01;35m[K-Wpedantic[m[K]
[6.668s]    58 |     sl_u8 data[[01;35m[K0[m[K];
[6.668s]       |                [01;35m[K^[m[K
[6.668s] In file included from [01m[K/home/heto/houseRobo/houseRobo_ros2_ws/src/sllidar_ros2/./sdk/include/sl_lidar_driver.h:54[m[K,
[6.668s]                  from [01m[K/home/heto/houseRobo/houseRobo_ros2_ws/src/sllidar_ros2/sdk/src/sl_serial_channel.cpp:34[m[K:
[6.668s] [01m[K/home/heto/houseRobo/houseRobo_ros2_ws/src/sllidar_ros2/./sdk/include/sl_lidar_cmd.h:295:20:[m[K [01;35m[Kwarning: [m[KISO C++ forbids zero-size array ‘[01m[Kpayload[m[K’ [[01;35m[K-Wpedantic[m[K]
[6.668s]   295 |     sl_u8  payload[[01;35m[K0[m[K];
[6.668s]       |                    [01;35m[K^[m[K
[6.681s] In file included from [01m[K/home/heto/houseRobo/houseRobo_ros2_ws/src/sllidar_ros2/./sdk/include/sl_lidar_cmd.h:36[m[K,
[6.681s]                  from [01m[K/home/heto/houseRobo/houseRobo_ros2_ws/src/sllidar_ros2/./sdk/include/sl_lidar_driver.h:54[m[K,
[6.681s]                  from [01m[K/home/heto/houseRobo/houseRobo_ros2_ws/src/sllidar_ros2/sdk/src/sl_udp_channel.cpp:34[m[K:
[6.682s] [01m[K/home/heto/houseRobo/houseRobo_ros2_ws/src/sllidar_ros2/./sdk/include/sl_lidar_protocol.h:58:16:[m[K [01;35m[Kwarning: [m[KISO C++ forbids zero-size array ‘[01m[Kdata[m[K’ [[01;35m[K-Wpedantic[m[K]
[6.682s]    58 |     sl_u8 data[[01;35m[K0[m[K];
[6.682s]       |                [01;35m[K^[m[K
[6.682s] In file included from [01m[K/home/heto/houseRobo/houseRobo_ros2_ws/src/sllidar_ros2/./sdk/include/sl_lidar_driver.h:54[m[K,
[6.682s]                  from [01m[K/home/heto/houseRobo/houseRobo_ros2_ws/src/sllidar_ros2/sdk/src/sl_udp_channel.cpp:34[m[K:
[6.682s] [01m[K/home/heto/houseRobo/houseRobo_ros2_ws/src/sllidar_ros2/./sdk/include/sl_lidar_cmd.h:295:20:[m[K [01;35m[Kwarning: [m[KISO C++ forbids zero-size array ‘[01m[Kpayload[m[K’ [[01;35m[K-Wpedantic[m[K]
[6.682s]   295 |     sl_u8  payload[[01;35m[K0[m[K];
[6.682s]       |                    [01;35m[K^[m[K
[6.685s] [01m[K/home/heto/houseRobo/houseRobo_ros2_ws/src/sllidar_ros2/sdk/src/sl_udp_channel.cpp:[m[K In member function ‘[01m[Kvoid sl::UdpChannel::setStatus(_u32)[m[K’:
[6.685s] [01m[K/home/heto/houseRobo/houseRobo_ros2_ws/src/sllidar_ros2/sdk/src/sl_udp_channel.cpp:103:29:[m[K [01;35m[Kwarning: [m[Kunused parameter ‘[01m[Kflag[m[K’ [[01;35m[K-Wunused-parameter[m[K]
[6.685s]   103 |         void setStatus([01;35m[K_u32 flag[m[K){}
[6.685s]       |                        [01;35m[K~~~~~^~~~[m[K
[6.691s] In file included from [01m[K/home/heto/houseRobo/houseRobo_ros2_ws/src/sllidar_ros2/./sdk/include/sl_lidar_cmd.h:36[m[K,
[6.691s]                  from [01m[K/home/heto/houseRobo/houseRobo_ros2_ws/src/sllidar_ros2/./sdk/include/sl_lidar_driver.h:54[m[K,
[6.691s]                  from [01m[K/home/heto/houseRobo/houseRobo_ros2_ws/src/sllidar_ros2/sdk/src/sl_tcp_channel.cpp:34[m[K:
[6.691s] [01m[K/home/heto/houseRobo/houseRobo_ros2_ws/src/sllidar_ros2/./sdk/include/sl_lidar_protocol.h:58:16:[m[K [01;35m[Kwarning: [m[KISO C++ forbids zero-size array ‘[01m[Kdata[m[K’ [[01;35m[K-Wpedantic[m[K]
[6.691s]    58 |     sl_u8 data[[01;35m[K0[m[K];
[6.691s]       |                [01;35m[K^[m[K
[6.692s] In file included from [01m[K/home/heto/houseRobo/houseRobo_ros2_ws/src/sllidar_ros2/./sdk/include/sl_lidar_driver.h:54[m[K,
[6.692s]                  from [01m[K/home/heto/houseRobo/houseRobo_ros2_ws/src/sllidar_ros2/sdk/src/sl_tcp_channel.cpp:34[m[K:
[6.692s] [01m[K/home/heto/houseRobo/houseRobo_ros2_ws/src/sllidar_ros2/./sdk/include/sl_lidar_cmd.h:295:20:[m[K [01;35m[Kwarning: [m[KISO C++ forbids zero-size array ‘[01m[Kpayload[m[K’ [[01;35m[K-Wpedantic[m[K]
[6.692s]   295 |     sl_u8  payload[[01;35m[K0[m[K];
[6.692s]       |                    [01;35m[K^[m[K
[6.697s] [01m[K/home/heto/houseRobo/houseRobo_ros2_ws/src/sllidar_ros2/sdk/src/sl_tcp_channel.cpp:[m[K In member function ‘[01m[Kvoid sl::TcpChannel::setStatus(_u32)[m[K’:
[6.697s] [01m[K/home/heto/houseRobo/houseRobo_ros2_ws/src/sllidar_ros2/sdk/src/sl_tcp_channel.cpp:95:29:[m[K [01;35m[Kwarning: [m[Kunused parameter ‘[01m[Kflag[m[K’ [[01;35m[K-Wunused-parameter[m[K]
[6.697s]    95 |         void setStatus([01;35m[K_u32 flag[m[K){}
[6.697s]       |                        [01;35m[K~~~~~^~~~[m[K
[6.766s] [01m[K/home/heto/houseRobo/houseRobo_ros2_ws/src/sllidar_ros2/sdk/src/arch/linux/net_serial.cpp:[m[K In member function ‘[01m[Kbool rp::arch::net::raw_serial::open(const char*, uint32_t, uint32_t)[m[K’:
[6.766s] [01m[K/home/heto/houseRobo/houseRobo_ros2_ws/src/sllidar_ros2/sdk/src/arch/linux/net_serial.cpp:97:74:[m[K [01;35m[Kwarning: [m[Kunused parameter ‘[01m[Kflags[m[K’ [[01;35m[K-Wunused-parameter[m[K]
[6.767s]    97 | bool raw_serial::open(const char * portname, uint32_t baudrate, [01;35m[Kuint32_t flags[m[K)
[6.767s]       |                                                                 [01;35m[K~~~~~~~~~^~~~~[m[K
[6.767s] [01m[K/home/heto/houseRobo/houseRobo_ros2_ws/src/sllidar_ros2/sdk/src/arch/linux/net_serial.cpp:[m[K In member function ‘[01m[Kvirtual void rp::arch::net::raw_serial::flush(_u32)[m[K’:
[6.767s] [01m[K/home/heto/houseRobo/houseRobo_ros2_ws/src/sllidar_ros2/sdk/src/arch/linux/net_serial.cpp:281:30:[m[K [01;35m[Kwarning: [m[Kunused parameter ‘[01m[Kflags[m[K’ [[01;35m[K-Wunused-parameter[m[K]
[6.767s]   281 | void raw_serial::flush( [01;35m[K_u32 flags[m[K)
[6.767s]       |                         [01;35m[K~~~~~^~~~~[m[K
[6.767s] [01m[K/home/heto/houseRobo/houseRobo_ros2_ws/src/sllidar_ros2/sdk/src/arch/linux/net_serial.cpp:[m[K In member function ‘[01m[Kvirtual int rp::arch::net::raw_serial::waitforsent(_u32, size_t*)[m[K’:
[6.767s] [01m[K/home/heto/houseRobo/houseRobo_ros2_ws/src/sllidar_ros2/sdk/src/arch/linux/net_serial.cpp:286:34:[m[K [01;35m[Kwarning: [m[Kunused parameter ‘[01m[Ktimeout[m[K’ [[01;35m[K-Wunused-parameter[m[K]
[6.767s]   286 | int raw_serial::waitforsent([01;35m[K_u32 timeout[m[K, size_t * returned_size)
[6.767s]       |                             [01;35m[K~~~~~^~~~~~~[m[K
[6.767s] [01m[K/home/heto/houseRobo/houseRobo_ros2_ws/src/sllidar_ros2/sdk/src/arch/linux/net_serial.cpp:[m[K In member function ‘[01m[Kvirtual int rp::arch::net::raw_serial::waitforrecv(_u32, size_t*)[m[K’:
[6.767s] [01m[K/home/heto/houseRobo/houseRobo_ros2_ws/src/sllidar_ros2/sdk/src/arch/linux/net_serial.cpp:292:34:[m[K [01;35m[Kwarning: [m[Kunused parameter ‘[01m[Ktimeout[m[K’ [[01;35m[K-Wunused-parameter[m[K]
[6.767s]   292 | int raw_serial::waitforrecv([01;35m[K_u32 timeout[m[K, size_t * returned_size)
[6.767s]       |                             [01;35m[K~~~~~^~~~~~~[m[K
[6.770s] In file included from [01m[K/home/heto/houseRobo/houseRobo_ros2_ws/src/sllidar_ros2/./sdk/include/rplidar_protocol.h:36[m[K,
[6.770s]                  from [01m[K/home/heto/houseRobo/houseRobo_ros2_ws/src/sllidar_ros2/./sdk/include/rplidar.h:39[m[K,
[6.770s]                  from [01m[K/home/heto/houseRobo/houseRobo_ros2_ws/src/sllidar_ros2/sdk/src/sdkcommon.h:49[m[K,
[6.770s]                  from [01m[K/home/heto/houseRobo/houseRobo_ros2_ws/src/sllidar_ros2/sdk/src/sl_lidar_driver.cpp:33[m[K:
[6.770s] [01m[K/home/heto/houseRobo/houseRobo_ros2_ws/src/sllidar_ros2/./sdk/include/sl_lidar_protocol.h:58:16:[m[K [01;35m[Kwarning: [m[KISO C++ forbids zero-size array ‘[01m[Kdata[m[K’ [[01;35m[K-Wpedantic[m[K]
[6.770s]    58 |     sl_u8 data[[01;35m[K0[m[K];
[6.770s]       |                [01;35m[K^[m[K
[6.770s] In file included from [01m[K/home/heto/houseRobo/houseRobo_ros2_ws/src/sllidar_ros2/./sdk/include/rplidar_cmd.h:36[m[K,
[6.770s]                  from [01m[K/home/heto/houseRobo/houseRobo_ros2_ws/src/sllidar_ros2/./sdk/include/rplidar.h:40[m[K,
[6.770s]                  from [01m[K/home/heto/houseRobo/houseRobo_ros2_ws/src/sllidar_ros2/sdk/src/sdkcommon.h:49[m[K,
[6.771s]                  from [01m[K/home/heto/houseRobo/houseRobo_ros2_ws/src/sllidar_ros2/sdk/src/sl_lidar_driver.cpp:33[m[K:
[6.771s] [01m[K/home/heto/houseRobo/houseRobo_ros2_ws/src/sllidar_ros2/./sdk/include/sl_lidar_cmd.h:295:20:[m[K [01;35m[Kwarning: [m[KISO C++ forbids zero-size array ‘[01m[Kpayload[m[K’ [[01;35m[K-Wpedantic[m[K]
[6.771s]   295 |     sl_u8  payload[[01;35m[K0[m[K];
[6.771s]       |                    [01;35m[K^[m[K
[6.773s] In file included from [01m[K/home/heto/houseRobo/houseRobo_ros2_ws/src/sllidar_ros2/./sdk/include/rplidar_protocol.h:36[m[K,
[6.773s]                  from [01m[K/home/heto/houseRobo/houseRobo_ros2_ws/src/sllidar_ros2/./sdk/include/rplidar.h:39[m[K,
[6.773s]                  from [01m[K/home/heto/houseRobo/houseRobo_ros2_ws/src/sllidar_ros2/./sdk/src/sdkcommon.h:49[m[K,
[6.773s]                  from [01m[K/home/heto/houseRobo/houseRobo_ros2_ws/src/sllidar_ros2/sdk/src/arch/linux/net_socket.cpp:10[m[K:
[6.773s] [01m[K/home/heto/houseRobo/houseRobo_ros2_ws/src/sllidar_ros2/./sdk/include/sl_lidar_protocol.h:58:16:[m[K [01;35m[Kwarning: [m[KISO C++ forbids zero-size array ‘[01m[Kdata[m[K’ [[01;35m[K-Wpedantic[m[K]
[6.773s]    58 |     sl_u8 data[[01;35m[K0[m[K];
[6.774s]       |                [01;35m[K^[m[K
[6.774s] In file included from [01m[K/home/heto/houseRobo/houseRobo_ros2_ws/src/sllidar_ros2/./sdk/include/rplidar_cmd.h:36[m[K,
[6.774s]                  from [01m[K/home/heto/houseRobo/houseRobo_ros2_ws/src/sllidar_ros2/./sdk/include/rplidar.h:40[m[K,
[6.774s]                  from [01m[K/home/heto/houseRobo/houseRobo_ros2_ws/src/sllidar_ros2/./sdk/src/sdkcommon.h:49[m[K,
[6.774s]                  from [01m[K/home/heto/houseRobo/houseRobo_ros2_ws/src/sllidar_ros2/sdk/src/arch/linux/net_socket.cpp:10[m[K:
[6.774s] [01m[K/home/heto/houseRobo/houseRobo_ros2_ws/src/sllidar_ros2/./sdk/include/sl_lidar_cmd.h:295:20:[m[K [01;35m[Kwarning: [m[KISO C++ forbids zero-size array ‘[01m[Kpayload[m[K’ [[01;35m[K-Wpedantic[m[K]
[6.774s]   295 |     sl_u8  payload[[01;35m[K0[m[K];
[6.774s]       |                    [01;35m[K^[m[K
[6.783s] In file included from [01m[K/home/heto/houseRobo/houseRobo_ros2_ws/src/sllidar_ros2/./sdk/include/rplidar_protocol.h:36[m[K,
[6.784s]                  from [01m[K/home/heto/houseRobo/houseRobo_ros2_ws/src/sllidar_ros2/./sdk/include/rplidar.h:39[m[K,
[6.784s]                  from [01m[K/home/heto/houseRobo/houseRobo_ros2_ws/src/sllidar_ros2/./sdk/src/sdkcommon.h:49[m[K,
[6.784s]                  from [01m[K/home/heto/houseRobo/houseRobo_ros2_ws/src/sllidar_ros2/sdk/src/hal/thread.cpp:35[m[K:
[6.784s] [01m[K/home/heto/houseRobo/houseRobo_ros2_ws/src/sllidar_ros2/./sdk/include/sl_lidar_protocol.h:58:16:[m[K [01;35m[Kwarning: [m[KISO C++ forbids zero-size array ‘[01m[Kdata[m[K’ [[01;35m[K-Wpedantic[m[K]
[6.784s]    58 |     sl_u8 data[[01;35m[K0[m[K];
[6.784s]       |                [01;35m[K^[m[K
[6.784s] In file included from [01m[K/home/heto/houseRobo/houseRobo_ros2_ws/src/sllidar_ros2/./sdk/include/rplidar_cmd.h:36[m[K,
[6.784s]                  from [01m[K/home/heto/houseRobo/houseRobo_ros2_ws/src/sllidar_ros2/./sdk/include/rplidar.h:40[m[K,
[6.785s]                  from [01m[K/home/heto/houseRobo/houseRobo_ros2_ws/src/sllidar_ros2/./sdk/src/sdkcommon.h:49[m[K,
[6.785s]                  from [01m[K/home/heto/houseRobo/houseRobo_ros2_ws/src/sllidar_ros2/sdk/src/hal/thread.cpp:35[m[K:
[6.785s] [01m[K/home/heto/houseRobo/houseRobo_ros2_ws/src/sllidar_ros2/./sdk/include/sl_lidar_cmd.h:295:20:[m[K [01;35m[Kwarning: [m[KISO C++ forbids zero-size array ‘[01m[Kpayload[m[K’ [[01;35m[K-Wpedantic[m[K]
[6.785s]   295 |     sl_u8  payload[[01;35m[K0[m[K];
[6.785s]       |                    [01;35m[K^[m[K
[6.793s] In file included from [01m[K/home/heto/houseRobo/houseRobo_ros2_ws/src/sllidar_ros2/./sdk/include/rplidar_protocol.h:36[m[K,
[6.793s]                  from [01m[K/home/heto/houseRobo/houseRobo_ros2_ws/src/sllidar_ros2/./sdk/include/rplidar.h:39[m[K,
[6.793s]                  from [01m[K/home/heto/houseRobo/houseRobo_ros2_ws/src/sllidar_ros2/sdk/src/sdkcommon.h:49[m[K,
[6.794s]                  from [01m[K/home/heto/houseRobo/houseRobo_ros2_ws/src/sllidar_ros2/sdk/src/rplidar_driver.cpp:33[m[K:
[6.794s] [01m[K/home/heto/houseRobo/houseRobo_ros2_ws/src/sllidar_ros2/./sdk/include/sl_lidar_protocol.h:58:16:[m[K [01;35m[Kwarning: [m[KISO C++ forbids zero-size array ‘[01m[Kdata[m[K’ [[01;35m[K-Wpedantic[m[K]
[6.794s]    58 |     sl_u8 data[[01;35m[K0[m[K];
[6.794s]       |                [01;35m[K^[m[K
[6.794s] In file included from [01m[K/home/heto/houseRobo/houseRobo_ros2_ws/src/sllidar_ros2/./sdk/include/rplidar_cmd.h:36[m[K,
[6.794s]                  from [01m[K/home/heto/houseRobo/houseRobo_ros2_ws/src/sllidar_ros2/./sdk/include/rplidar.h:40[m[K,
[6.794s]                  from [01m[K/home/heto/houseRobo/houseRobo_ros2_ws/src/sllidar_ros2/sdk/src/sdkcommon.h:49[m[K,
[6.794s]                  from [01m[K/home/heto/houseRobo/houseRobo_ros2_ws/src/sllidar_ros2/sdk/src/rplidar_driver.cpp:33[m[K:
[6.794s] [01m[K/home/heto/houseRobo/houseRobo_ros2_ws/src/sllidar_ros2/./sdk/include/sl_lidar_cmd.h:295:20:[m[K [01;35m[Kwarning: [m[KISO C++ forbids zero-size array ‘[01m[Kpayload[m[K’ [[01;35m[K-Wpedantic[m[K]
[6.794s]   295 |     sl_u8  payload[[01;35m[K0[m[K];
[6.794s]       |                    [01;35m[K^[m[K
[6.812s] [01m[K/home/heto/houseRobo/houseRobo_ros2_ws/src/sllidar_ros2/sdk/src/arch/linux/net_socket.cpp:[m[K In member function ‘[01m[Kvirtual u_result rp::net::SocketAddress::getAddressAsString(char*, size_t) const[m[K’:
[6.812s] [01m[K/home/heto/houseRobo/houseRobo_ros2_ws/src/sllidar_ros2/sdk/src/arch/linux/net_socket.cpp:170:17:[m[K [01;35m[Kwarning: [m[Kordered comparison of pointer with integer zero [[01;35m[K-Wextra[m[K]
[6.812s]   170 |     return ans<=[01;35m[K0[m[K?RESULT_OPERATION_FAIL:RESULT_OK;
[6.812s]       |                 [01;35m[K^[m[K
[6.816s] [01m[K/home/heto/houseRobo/houseRobo_ros2_ws/src/sllidar_ros2/sdk/src/arch/linux/net_socket.cpp:[m[K In member function ‘[01m[Kvirtual u_result rp::arch::net::StreamSocketImpl::send(const void*, size_t)[m[K’:
[6.816s] [01m[K/home/heto/houseRobo/houseRobo_ros2_ws/src/sllidar_ros2/sdk/src/arch/linux/net_socket.cpp:438:17:[m[K [01;35m[Kwarning: [m[Kcomparison of integer expressions of different signedness: ‘[01m[Ksize_t[m[K’ {aka ‘[01m[Klong unsigned int[m[K’} and ‘[01m[Kint[m[K’ [[01;35m[K-Wsign-compare[m[K]
[6.816s]   438 |         if ([01;35m[Kans == (int)len[m[K) {
[6.817s]       |             [01;35m[K~~~~^~~~~~~~~~~[m[K
[6.819s] In file included from [01m[K/home/heto/houseRobo/houseRobo_ros2_ws/src/sllidar_ros2/./sdk/src/arch/linux/arch_linux.h:42[m[K,
[6.819s]                  from [01m[K/home/heto/houseRobo/houseRobo_ros2_ws/src/sllidar_ros2/./sdk/src/sdkcommon.h:41[m[K,
[6.819s]                  from [01m[K/home/heto/houseRobo/houseRobo_ros2_ws/src/sllidar_ros2/sdk/src/arch/linux/net_socket.cpp:10[m[K:
[6.819s] [01m[K/home/heto/houseRobo/houseRobo_ros2_ws/src/sllidar_ros2/sdk/src/arch/linux/net_socket.cpp:[m[K In member function ‘[01m[Kvirtual u_result rp::arch::net::DGramSocketImpl::sendTo(const rp::net::SocketAddress&, const void*, size_t)[m[K’:
[6.819s] [01m[K/home/heto/houseRobo/houseRobo_ros2_ws/src/sllidar_ros2/sdk/src/arch/linux/net_socket.cpp:726:24:[m[K [01;35m[Kwarning: [m[Kcomparison of integer expressions of different signedness: ‘[01m[Ksize_t[m[K’ {aka ‘[01m[Klong unsigned int[m[K’} and ‘[01m[Kint[m[K’ [[01;35m[K-Wsign-compare[m[K]
[6.819s]   726 |             assert([01;35m[Kans == (int)len[m[K);
[6.819s]       |                    [01;35m[K~~~~^~~~~~~~~~~[m[K
[6.827s] In file included from [01m[K/home/heto/houseRobo/houseRobo_ros2_ws/src/sllidar_ros2/sdk/src/hal/thread.cpp:43[m[K:
[6.828s] [01m[K/home/heto/houseRobo/houseRobo_ros2_ws/src/sllidar_ros2/./sdk/src/arch/linux/thread.hpp:[m[K In static member function ‘[01m[Kstatic rp::hal::Thread rp::hal::Thread::create(thread_proc_t, void*)[m[K’:
[6.828s] [01m[K/home/heto/houseRobo/houseRobo_ros2_ws/src/sllidar_ros2/./sdk/src/arch/linux/thread.hpp:48:77:[m[K [01;35m[Kwarning: [m[Kcast between incompatible function types from ‘[01m[Kthread_proc_t[m[K’ {aka ‘[01m[Klong unsigned int (*)(void*)[m[K’} to ‘[01m[Kvoid* (*)(void*)[m[K’ [[01;35m[K-Wcast-function-type[m[K]
[6.828s]    48 |     pthread_create((pthread_t *)&newborn._handle, NULL, (void * (*)(void *))[01;35m[Kproc[m[K, data);
[6.828s]       |                                                                             [01;35m[K^~~~[m[K
[6.828s] [01m[K/home/heto/houseRobo/houseRobo_ros2_ws/src/sllidar_ros2/sdk/src/sl_lidar_driver.cpp:[m[K In member function ‘[01m[Kvirtual sl_result sl::SlamtecLidarDriver::reset(sl_u32)[m[K’:
[6.828s] [01m[K/home/heto/houseRobo/houseRobo_ros2_ws/src/sllidar_ros2/sdk/src/sl_lidar_driver.cpp:273:32:[m[K [01;35m[Kwarning: [m[Kunused parameter ‘[01m[KtimeoutInMs[m[K’ [[01;35m[K-Wunused-parameter[m[K]
[6.828s]   273 |         sl_result reset([01;35m[Ksl_u32 timeoutInMs = DEFAULT_TIMEOUT[m[K)
[6.828s]       |                         [01;35m[K~~~~~~~^~~~~~~~~~~~~~~~~~~~~~~~~~~~~[m[K
[6.828s] [01m[K/home/heto/houseRobo/houseRobo_ros2_ws/src/sllidar_ros2/./sdk/src/arch/linux/thread.hpp:[m[K In member function ‘[01m[Ku_result rp::hal::Thread::join(long unsigned int)[m[K’:
[6.828s] [01m[K/home/heto/houseRobo/houseRobo_ros2_ws/src/sllidar_ros2/./sdk/src/arch/linux/thread.hpp:129:37:[m[K [01;35m[Kwarning: [m[Kunused parameter ‘[01m[Ktimeout[m[K’ [[01;35m[K-Wunused-parameter[m[K]
[6.828s]   129 | u_result Thread::join([01;35m[Kunsigned long timeout[m[K)
[6.828s]       |                       [01;35m[K~~~~~~~~~~~~~~^~~~~~~[m[K
[6.830s] [01m[K/home/heto/houseRobo/houseRobo_ros2_ws/src/sllidar_ros2/sdk/src/sl_lidar_driver.cpp:[m[K In member function ‘[01m[Kvirtual sl_result sl::SlamtecLidarDriver::getAllSupportedScanModes(std::vector<sl::LidarScanMode>&, sl_u32)[m[K’:
[6.830s] [01m[K/home/heto/houseRobo/houseRobo_ros2_ws/src/sllidar_ros2/sdk/src/sl_lidar_driver.cpp:286:89:[m[K [01;35m[Kwarning: [m[Kunused parameter ‘[01m[KtimeoutInMs[m[K’ [[01;35m[K-Wunused-parameter[m[K]
[6.830s]   286 |         sl_result getAllSupportedScanModes(std::vector<LidarScanMode>& outModes, [01;35m[Ksl_u32 timeoutInMs = DEFAULT_TIMEOUT[m[K)
[6.830s]       |                                                                                  [01;35m[K~~~~~~~^~~~~~~~~~~~~~~~~~~~~~~~~~~~~[m[K
[6.831s] [01m[K/home/heto/houseRobo/houseRobo_ros2_ws/src/sllidar_ros2/sdk/src/sl_lidar_driver.cpp:[m[K In member function ‘[01m[Kvirtual sl_result sl::SlamtecLidarDriver::startScan(bool, bool, sl_u32, sl::LidarScanMode*)[m[K’:
[6.831s] [01m[K/home/heto/houseRobo/houseRobo_ros2_ws/src/sllidar_ros2/sdk/src/sl_lidar_driver.cpp:347:69:[m[K [01;35m[Kwarning: [m[Kunused parameter ‘[01m[Koptions[m[K’ [[01;35m[K-Wunused-parameter[m[K]
[6.831s]   347 |         sl_result startScan(bool force, bool useTypicalScan, [01;35m[Ksl_u32 options = 0[m[K, LidarScanMode* outUsedScanMode = nullptr)
[6.831s]       |                                                              [01;35m[K~~~~~~~^~~~~~~~~~~[m[K
[6.833s] [01m[K/home/heto/houseRobo/houseRobo_ros2_ws/src/sllidar_ros2/sdk/src/sl_lidar_driver.cpp:[m[K In member function ‘[01m[Kvirtual sl_result sl::SlamtecLidarDriver::stop(sl_u32)[m[K’:
[6.833s] [01m[K/home/heto/houseRobo/houseRobo_ros2_ws/src/sllidar_ros2/sdk/src/sl_lidar_driver.cpp:534:31:[m[K [01;35m[Kwarning: [m[Kunused parameter ‘[01m[Ktimeout[m[K’ [[01;35m[K-Wunused-parameter[m[K]
[6.833s]   534 |         sl_result stop([01;35m[Ksl_u32 timeout = DEFAULT_TIMEOUT[m[K)
[6.833s]       |                        [01;35m[K~~~~~~~^~~~~~~~~~~~~~~~~~~~~~~~~[m[K
[6.833s] [01m[K/home/heto/houseRobo/houseRobo_ros2_ws/src/sllidar_ros2/sdk/src/sl_lidar_driver.cpp:[m[K In member function ‘[01m[Kvirtual sl_result sl::SlamtecLidarDriver::getDeviceInfo(sl_lidar_response_device_info_t&, sl_u32)[m[K’:
[6.833s] [01m[K/home/heto/houseRobo/houseRobo_ros2_ws/src/sllidar_ros2/sdk/src/sl_lidar_driver.cpp:579:79:[m[K [01;35m[Kwarning: [m[Kunused parameter ‘[01m[Ktimeout[m[K’ [[01;35m[K-Wunused-parameter[m[K]
[6.833s]   579 |         sl_result getDeviceInfo(sl_lidar_response_device_info_t& info, [01;35m[Ksl_u32 timeout = DEFAULT_TIMEOUT[m[K)
[6.833s]       |                                                                        [01;35m[K~~~~~~~^~~~~~~~~~~~~~~~~~~~~~~~~[m[K
[6.834s] [01m[K/home/heto/houseRobo/houseRobo_ros2_ws/src/sllidar_ros2/sdk/src/sl_lidar_driver.cpp:[m[K In member function ‘[01m[Kvirtual sl_result sl::SlamtecLidarDriver::checkMotorCtrlSupport(sl::MotorCtrlSupport&, sl_u32)[m[K’:
[6.834s] [01m[K/home/heto/houseRobo/houseRobo_ros2_ws/src/sllidar_ros2/sdk/src/sl_lidar_driver.cpp:592:76:[m[K [01;35m[Kwarning: [m[Kunused parameter ‘[01m[Ktimeout[m[K’ [[01;35m[K-Wunused-parameter[m[K]
[6.834s]   592 |         sl_result checkMotorCtrlSupport(MotorCtrlSupport & support, [01;35m[Ksl_u32 timeout = DEFAULT_TIMEOUT[m[K)
[6.834s]       |                                                                     [01;35m[K~~~~~~~^~~~~~~~~~~~~~~~~~~~~~~~~[m[K
[6.834s] [01m[K/home/heto/houseRobo/houseRobo_ros2_ws/src/sllidar_ros2/sdk/src/sl_lidar_driver.cpp:[m[K In member function ‘[01m[Kvirtual sl_result sl::SlamtecLidarDriver::getFrequency(const sl::LidarScanMode&, const sl_lidar_response_measurement_node_hq_t*, size_t, float&)[m[K’:
[6.834s] [01m[K/home/heto/houseRobo/houseRobo_ros2_ws/src/sllidar_ros2/sdk/src/sl_lidar_driver.cpp:627:110:[m[K [01;35m[Kwarning: [m[Kunused parameter ‘[01m[Knodes[m[K’ [[01;35m[K-Wunused-parameter[m[K]
[6.834s]   627 |         sl_result getFrequency(const LidarScanMode& scanMode, [01;35m[Kconst sl_lidar_response_measurement_node_hq_t* nodes[m[K, size_t count, float& frequency)
[6.834s]       |                                                               [01;35m[K~~~~~~~~~~~~~~~~~~~~~~~~~~~~~~~~~~~~~~~~~~~~~~~^~~~~[m[K
[6.834s] [01m[K/home/heto/houseRobo/houseRobo_ros2_ws/src/sllidar_ros2/sdk/src/sl_lidar_driver.cpp:[m[K In member function ‘[01m[Kvirtual sl_result sl::SlamtecLidarDriver::getHealth(sl_lidar_response_device_health_t&, sl_u32)[m[K’:
[6.834s] [01m[K/home/heto/houseRobo/houseRobo_ros2_ws/src/sllidar_ros2/sdk/src/sl_lidar_driver.cpp:640:79:[m[K [01;35m[Kwarning: [m[Kunused parameter ‘[01m[Ktimeout[m[K’ [[01;35m[K-Wunused-parameter[m[K]
[6.834s]   640 |         sl_result getHealth(sl_lidar_response_device_health_t& health, [01;35m[Ksl_u32 timeout = DEFAULT_TIMEOUT[m[K)
[6.834s]       |                                                                        [01;35m[K~~~~~~~^~~~~~~~~~~~~~~~~~~~~~~~~[m[K
[6.835s] [01m[K/home/heto/houseRobo/houseRobo_ros2_ws/src/sllidar_ros2/sdk/src/sl_lidar_driver.cpp:[m[K In member function ‘[01m[Kvirtual sl_result sl::SlamtecLidarDriver::getMotorInfo(sl::LidarMotorInfo&, sl_u32)[m[K’:
[6.835s] [01m[K/home/heto/houseRobo/houseRobo_ros2_ws/src/sllidar_ros2/sdk/src/sl_lidar_driver.cpp:730:66:[m[K [01;35m[Kwarning: [m[Kunused parameter ‘[01m[KtimeoutInMs[m[K’ [[01;35m[K-Wunused-parameter[m[K]
[6.835s]   730 |         sl_result getMotorInfo(LidarMotorInfo &motorInfo, [01;35m[Ksl_u32 timeoutInMs[m[K)
[6.835s]       |                                                           [01;35m[K~~~~~~~^~~~~~~~~~~[m[K
[6.838s] [01m[K/home/heto/houseRobo/houseRobo_ros2_ws/src/sllidar_ros2/sdk/src/sl_lidar_driver.cpp:[m[K In member function ‘[01m[Ksl_result sl::SlamtecLidarDriver::_sendCommand(sl_u16, const void*, size_t)[m[K’:
[6.838s] [01m[K/home/heto/houseRobo/houseRobo_ros2_ws/src/sllidar_ros2/sdk/src/sl_lidar_driver.cpp:1089:35:[m[K [01;35m[Kwarning: [m[Kcomparison of integer expressions of different signedness: ‘[01m[Kint[m[K’ and ‘[01m[Kstd::vector<unsigned char>::size_type[m[K’ {aka ‘[01m[Klong unsigned int[m[K’} [[01;35m[K-Wsign-compare[m[K]
[6.838s]  1089 |             for (int pos = 0; [01;35m[Kpos < cmd_packet.size()[m[K; pos++) {
[6.839s]       |                               [01;35m[K~~~~^~~~~~~~~~~~~~~~~~~[m[K
[6.839s] [01m[K/home/heto/houseRobo/houseRobo_ros2_ws/src/sllidar_ros2/sdk/src/sl_lidar_driver.cpp:1058:19:[m[K [01;35m[Kwarning: [m[Kunused variable ‘[01m[Kpkt_header[m[K’ [[01;35m[K-Wunused-variable[m[K]
[6.839s]  1058 |             sl_u8 [01;35m[Kpkt_header[m[K[10];
[6.839s]       |                   [01;35m[K^~~~~~~~~~[m[K
[6.840s] [01m[K/home/heto/houseRobo/houseRobo_ros2_ws/src/sllidar_ros2/sdk/src/sl_lidar_driver.cpp:[m[K In member function ‘[01m[Kvoid sl::SlamtecLidarDriver::_ultraCapsuleToNormal(const sl_lidar_response_ultra_capsule_measurement_nodes_t&, sl_lidar_response_measurement_node_hq_t*, size_t&)[m[K’:
[6.840s] [01m[K/home/heto/houseRobo/houseRobo_ros2_ws/src/sllidar_ros2/sdk/src/sl_lidar_driver.cpp:1370:40:[m[K [01;35m[Kwarning: [m[Kcomparison of integer expressions of different signedness: ‘[01m[Kint[m[K’ and ‘[01m[Kunsigned int[m[K’ [[01;35m[K-Wsign-compare[m[K]
[6.840s]  1370 |                     if (([01;35m[Kdist_predict1 == 0xFFFFFE00[m[K) || (dist_predict1 == 0x1FF)) {
[6.840s]       |                          [01;35m[K~~~~~~~~~~~~~~^~~~~~~~~~~~~[m[K
[6.840s] [01m[K/home/heto/houseRobo/houseRobo_ros2_ws/src/sllidar_ros2/sdk/src/sl_lidar_driver.cpp:1379:40:[m[K [01;35m[Kwarning: [m[Kcomparison of integer expressions of different signedness: ‘[01m[Kint[m[K’ and ‘[01m[Kunsigned int[m[K’ [[01;35m[K-Wsign-compare[m[K]
[6.840s]  1379 |                     if (([01;35m[Kdist_predict2 == 0xFFFFFE00[m[K) || (dist_predict2 == 0x1FF)) {
[6.841s]       |                          [01;35m[K~~~~~~~~~~~~~~^~~~~~~~~~~~~[m[K
[6.842s] [01m[K/home/heto/houseRobo/houseRobo_ros2_ws/src/sllidar_ros2/sdk/src/sl_lidar_driver.cpp:[m[K In member function ‘[01m[Kvoid sl::SlamtecLidarDriver::_dense_capsuleToNormal(const sl_lidar_response_capsule_measurement_nodes_t&, sl_lidar_response_measurement_node_hq_t*, size_t&)[m[K’:
[6.842s] [01m[K/home/heto/houseRobo/houseRobo_ros2_ws/src/sllidar_ros2/sdk/src/sl_lidar_driver.cpp:1577:116:[m[K [01;35m[Kwarning: [m[Ktype qualifiers ignored on cast result type [[01;35m[K-Wignored-qualifiers[m[K]
[6.842s]  1577 |                     const int dist = static_cast<const int>(_cached_previous_dense_capsuledata.cabins[pos].distance[01;35m[K)[m[K;
[6.842s]       |                                                                                                                    [01;35m[K^[m[K
[6.848s] [01m[K/home/heto/houseRobo/houseRobo_ros2_ws/src/sllidar_ros2/sdk/src/rplidar_driver.cpp:[m[K In member function ‘[01m[Ku_result rp::standalone::rplidar::RPlidarDriver::connect(const char*, _u32, _u32)[m[K’:
[6.848s] [01m[K/home/heto/houseRobo/houseRobo_ros2_ws/src/sllidar_ros2/sdk/src/rplidar_driver.cpp:67:77:[m[K [01;35m[Kwarning: [m[Kunused parameter ‘[01m[Kflag[m[K’ [[01;35m[K-Wunused-parameter[m[K]
[6.848s]    67 |     u_result RPlidarDriver::connect(const char *path, _u32 portOrBaud, [01;35m[K_u32 flag[m[K)
[6.848s]       |                                                                        [01;35m[K~~~~~^~~~[m[K
[6.848s] [01m[K/home/heto/houseRobo/houseRobo_ros2_ws/src/sllidar_ros2/sdk/src/rplidar_driver.cpp:[m[K In member function ‘[01m[Ku_result rp::standalone::rplidar::RPlidarDriver::reset(_u32)[m[K’:
[6.848s] [01m[K/home/heto/houseRobo/houseRobo_ros2_ws/src/sllidar_ros2/sdk/src/rplidar_driver.cpp:101:40:[m[K [01;35m[Kwarning: [m[Kunused parameter ‘[01m[Ktimeout[m[K’ [[01;35m[K-Wunused-parameter[m[K]
[6.848s]   101 |     u_result RPlidarDriver::reset([01;35m[K_u32 timeout[m[K)
[6.848s]       |                                   [01;35m[K~~~~~^~~~~~~[m[K
[6.849s] [01m[K/home/heto/houseRobo/houseRobo_ros2_ws/src/sllidar_ros2/sdk/src/rplidar_driver.cpp:[m[K In member function ‘[01m[Ku_result rp::standalone::rplidar::RPlidarDriver::getScanDataWithInterval(rplidar_response_measurement_node_t*, size_t&)[m[K’:
[6.849s] [01m[K/home/heto/houseRobo/houseRobo_ros2_ws/src/sllidar_ros2/sdk/src/rplidar_driver.cpp:175:91:[m[K [01;35m[Kwarning: [m[Kunused parameter ‘[01m[Knodebuffer[m[K’ [[01;35m[K-Wunused-parameter[m[K]
[6.849s]   175 |     u_result RPlidarDriver::getScanDataWithInterval([01;35m[Krplidar_response_measurement_node_t * nodebuffer[m[K, size_t & count)
[6.849s]       |                                                     [01;35m[K~~~~~~~~~~~~~~~~~~~~~~~~~~~~~~~~~~~~~~^~~~~~~~~~[m[K
[6.849s] [01m[K/home/heto/houseRobo/houseRobo_ros2_ws/src/sllidar_ros2/sdk/src/rplidar_driver.cpp:175:112:[m[K [01;35m[Kwarning: [m[Kunused parameter ‘[01m[Kcount[m[K’ [[01;35m[K-Wunused-parameter[m[K]
[6.849s]   175 |     u_result RPlidarDriver::getScanDataWithInterval(rplidar_response_measurement_node_t * nodebuffer, [01;35m[Ksize_t & count[m[K)
[6.849s]       |                                                                                                       [01;35m[K~~~~~~~~~^~~~~[m[K
[6.851s] [01m[K/home/heto/houseRobo/houseRobo_ros2_ws/src/sllidar_ros2/sdk/src/arch/linux/net_socket.cpp:722:47:[m[K [01;35m[Kwarning: [m[Knonnull argument ‘[01m[Ktarget[m[K’ compared to NULL [[01;35m[K-Wnonnull-compare[m[K]
[6.851s]   722 |         const struct sockaddr* addr = &target [01;35m[K?[m[K reinterpret_cast<const struct sockaddr*>(target.getPlatformData()) : NULL;
[6.851s]       |                                               [01;35m[K^[m[K
[6.899s] [01m[K/home/heto/houseRobo/houseRobo_ros2_ws/src/sllidar_ros2/sdk/src/sl_lidar_driver.cpp:[m[K At global scope:
[6.899s] [01m[K/home/heto/houseRobo/houseRobo_ros2_ws/src/sllidar_ros2/sdk/src/sl_lidar_driver.cpp:72:17:[m[K [01;35m[Kwarning: [m[K‘[01m[Kvoid sl::convert(const sl_lidar_response_measurement_node_hq_t&, sl_lidar_response_measurement_node_t&)[m[K’ defined but not used [[01;35m[K-Wunused-function[m[K]
[6.899s]    72 |     static void [01;35m[Kconvert[m[K(const sl_lidar_response_measurement_node_hq_t& from, sl_lidar_response_measurement_node_t& to)
[6.899s]       |                 [01;35m[K^~~~~~~[m[K
[6.899s] [01m[K/home/heto/houseRobo/houseRobo_ros2_ws/src/sllidar_ros2/sdk/src/sl_lidar_driver.cpp:59:17:[m[K [01;35m[Kwarning: [m[K‘[01m[Kvoid sl::printDeprecationWarn(const char*, const char*)[m[K’ defined but not used [[01;35m[K-Wunused-function[m[K]
[6.899s]    59 |     static void [01;35m[KprintDeprecationWarn[m[K(const char* fn, const char* replacement)
[6.899s]       |                 [01;35m[K^~~~~~~~~~~~~~~~~~~~[m[K
[7.570s] In file included from [01m[K/home/heto/houseRobo/houseRobo_ros2_ws/src/sllidar_ros2/./sdk/include/sl_lidar_cmd.h:36[m[K,
[7.570s]                  from [01m[K/home/heto/houseRobo/houseRobo_ros2_ws/src/sllidar_ros2/./sdk/include/sl_lidar_driver.h:54[m[K,
[7.570s]                  from [01m[K/home/heto/houseRobo/houseRobo_ros2_ws/src/sllidar_ros2/./sdk/include/sl_lidar.h:36[m[K,
[7.570s]                  from [01m[K/home/heto/houseRobo/houseRobo_ros2_ws/src/sllidar_ros2/src/sllidar_node.cpp:38[m[K:
[7.570s] [01m[K/home/heto/houseRobo/houseRobo_ros2_ws/src/sllidar_ros2/./sdk/include/sl_lidar_protocol.h:58:16:[m[K [01;35m[Kwarning: [m[KISO C++ forbids zero-size array ‘[01m[Kdata[m[K’ [[01;35m[K-Wpedantic[m[K]
[7.570s]    58 |     sl_u8 data[[01;35m[K0[m[K];
[7.570s]       |                [01;35m[K^[m[K
[7.570s] In file included from [01m[K/home/heto/houseRobo/houseRobo_ros2_ws/src/sllidar_ros2/./sdk/include/sl_lidar_driver.h:54[m[K,
[7.570s]                  from [01m[K/home/heto/houseRobo/houseRobo_ros2_ws/src/sllidar_ros2/./sdk/include/sl_lidar.h:36[m[K,
[7.570s]                  from [01m[K/home/heto/houseRobo/houseRobo_ros2_ws/src/sllidar_ros2/src/sllidar_node.cpp:38[m[K:
[7.570s] [01m[K/home/heto/houseRobo/houseRobo_ros2_ws/src/sllidar_ros2/./sdk/include/sl_lidar_cmd.h:295:20:[m[K [01;35m[Kwarning: [m[KISO C++ forbids zero-size array ‘[01m[Kpayload[m[K’ [[01;35m[K-Wpedantic[m[K]
[7.570s]   295 |     sl_u8  payload[[01;35m[K0[m[K];
[7.571s]       |                    [01;35m[K^[m[K
[8.467s] [01m[K/home/heto/houseRobo/houseRobo_ros2_ws/src/sllidar_ros2/src/sllidar_node.cpp:[m[K In member function ‘[01m[Kbool SLlidarNode::checkSLLIDARHealth(sl::ILidarDriver*)[m[K’:
[8.467s] [01m[K/home/heto/houseRobo/houseRobo_ros2_ws/src/sllidar_ros2/src/sllidar_node.cpp:147:5:[m[K [01;35m[Kwarning: [m[Kcontrol reaches end of non-void function [[01;35m[K-Wreturn-type[m[K]
[8.467s]   147 |     [01;35m[K}[m[K
[8.468s]       |     [01;35m[K^[m[K
[9.428s] [ 92%] [32m[1mLinking CXX executable sllidar_node[0m
[9.681s] [ 92%] Built target sllidar_node
[10.352s] [100%] [32m[1mLinking CXX executable sllidar_client[0m
[10.574s] [100%] Built target sllidar_client
[10.583s] Invoked command in '/home/heto/houseRobo/houseRobo_ros2_ws/src/build/sllidar_ros2' returned '0': CMAKE_PREFIX_PATH=${CMAKE_PREFIX_PATH}:/opt/ros/foxy CONDA_PROMPT_MODIFIER=(base) /usr/bin/cmake --build /home/heto/houseRobo/houseRobo_ros2_ws/src/build/sllidar_ros2 -- -j16 -l16
[10.627s] Invoking command in '/home/heto/houseRobo/houseRobo_ros2_ws/src/build/sllidar_ros2': CMAKE_PREFIX_PATH=${CMAKE_PREFIX_PATH}:/opt/ros/foxy CONDA_PROMPT_MODIFIER=(base) /usr/bin/cmake --install /home/heto/houseRobo/houseRobo_ros2_ws/src/build/sllidar_ros2
[10.632s] -- Install configuration: ""
[10.633s] -- Execute custom install script
[10.633s] -- Symlinking: /home/heto/houseRobo/houseRobo_ros2_ws/src/install/sllidar_ros2/share/sllidar_ros2/launch/sllidar_a3_launch.py
[10.641s] -- Symlinking: /home/heto/houseRobo/houseRobo_ros2_ws/src/install/sllidar_ros2/share/sllidar_ros2/launch/sllidar_launch.py
[10.647s] -- Symlinking: /home/heto/houseRobo/houseRobo_ros2_ws/src/install/sllidar_ros2/share/sllidar_ros2/launch/sllidar_s1_launch.py
[10.653s] -- Symlinking: /home/heto/houseRobo/houseRobo_ros2_ws/src/install/sllidar_ros2/share/sllidar_ros2/launch/sllidar_s1_tcp_launch.py
[10.660s] -- Symlinking: /home/heto/houseRobo/houseRobo_ros2_ws/src/install/sllidar_ros2/share/sllidar_ros2/launch/sllidar_s2_launch.py
[10.667s] -- Symlinking: /home/heto/houseRobo/houseRobo_ros2_ws/src/install/sllidar_ros2/share/sllidar_ros2/launch/sllidar_s2e_launch.py
[10.673s] -- Symlinking: /home/heto/houseRobo/houseRobo_ros2_ws/src/install/sllidar_ros2/share/sllidar_ros2/launch/sllidar_t1_launch.py
[10.679s] -- Symlinking: /home/heto/houseRobo/houseRobo_ros2_ws/src/install/sllidar_ros2/share/sllidar_ros2/launch/view_sllidar_a3_launch.py
[10.685s] -- Symlinking: /home/heto/houseRobo/houseRobo_ros2_ws/src/install/sllidar_ros2/share/sllidar_ros2/launch/view_sllidar_launch.py
[10.692s] -- Symlinking: /home/heto/houseRobo/houseRobo_ros2_ws/src/install/sllidar_ros2/share/sllidar_ros2/launch/view_sllidar_s1_launch.py
[10.698s] -- Symlinking: /home/heto/houseRobo/houseRobo_ros2_ws/src/install/sllidar_ros2/share/sllidar_ros2/launch/view_sllidar_s1_tcp_launch.py
[10.704s] -- Symlinking: /home/heto/houseRobo/houseRobo_ros2_ws/src/install/sllidar_ros2/share/sllidar_ros2/launch/view_sllidar_s2_launch.py
[10.710s] -- Symlinking: /home/heto/houseRobo/houseRobo_ros2_ws/src/install/sllidar_ros2/share/sllidar_ros2/launch/view_sllidar_s2e_launch.py
[10.717s] -- Symlinking: /home/heto/houseRobo/houseRobo_ros2_ws/src/install/sllidar_ros2/share/sllidar_ros2/launch/view_sllidar_t1_launch.py
[10.724s] -- Symlinking: /home/heto/houseRobo/houseRobo_ros2_ws/src/install/sllidar_ros2/share/sllidar_ros2/rviz/sllidar_ros2.rviz
[10.731s] -- Symlinking: /home/heto/houseRobo/houseRobo_ros2_ws/src/install/sllidar_ros2/lib/sllidar_ros2/sllidar_node
[10.738s] -- Symlinking: /home/heto/houseRobo/houseRobo_ros2_ws/src/install/sllidar_ros2/lib/sllidar_ros2/sllidar_client
[10.745s] -- Symlinking: /home/heto/houseRobo/houseRobo_ros2_ws/src/install/sllidar_ros2/share/ament_index/resource_index/package_run_dependencies/sllidar_ros2
[10.751s] -- Symlinking: /home/heto/houseRobo/houseRobo_ros2_ws/src/install/sllidar_ros2/share/ament_index/resource_index/parent_prefix_path/sllidar_ros2
[10.758s] -- Symlinking: /home/heto/houseRobo/houseRobo_ros2_ws/src/install/sllidar_ros2/share/sllidar_ros2/environment/ament_prefix_path.sh
[10.764s] -- Symlinking: /home/heto/houseRobo/houseRobo_ros2_ws/src/install/sllidar_ros2/share/sllidar_ros2/environment/ament_prefix_path.dsv
[10.771s] -- Symlinking: /home/heto/houseRobo/houseRobo_ros2_ws/src/install/sllidar_ros2/share/sllidar_ros2/environment/path.sh
[10.777s] -- Symlinking: /home/heto/houseRobo/houseRobo_ros2_ws/src/install/sllidar_ros2/share/sllidar_ros2/environment/path.dsv
[10.784s] -- Symlinking: /home/heto/houseRobo/houseRobo_ros2_ws/src/install/sllidar_ros2/share/sllidar_ros2/local_setup.bash
[10.790s] -- Symlinking: /home/heto/houseRobo/houseRobo_ros2_ws/src/install/sllidar_ros2/share/sllidar_ros2/local_setup.sh
[10.797s] -- Symlinking: /home/heto/houseRobo/houseRobo_ros2_ws/src/install/sllidar_ros2/share/sllidar_ros2/local_setup.zsh
[10.803s] -- Symlinking: /home/heto/houseRobo/houseRobo_ros2_ws/src/install/sllidar_ros2/share/sllidar_ros2/local_setup.dsv
[10.810s] -- Symlinking: /home/heto/houseRobo/houseRobo_ros2_ws/src/install/sllidar_ros2/share/sllidar_ros2/package.dsv
[10.817s] -- Symlinking: /home/heto/houseRobo/houseRobo_ros2_ws/src/install/sllidar_ros2/share/ament_index/resource_index/packages/sllidar_ros2
[10.823s] -- Symlinking: /home/heto/houseRobo/houseRobo_ros2_ws/src/install/sllidar_ros2/share/sllidar_ros2/cmake/ament_cmake_export_dependencies-extras.cmake
[10.830s] -- Symlinking: /home/heto/houseRobo/houseRobo_ros2_ws/src/install/sllidar_ros2/share/sllidar_ros2/cmake/ament_cmake_export_include_directories-extras.cmake
[10.837s] -- Symlinking: /home/heto/houseRobo/houseRobo_ros2_ws/src/install/sllidar_ros2/share/sllidar_ros2/cmake/sllidar_ros2Config.cmake
[10.844s] -- Symlinking: /home/heto/houseRobo/houseRobo_ros2_ws/src/install/sllidar_ros2/share/sllidar_ros2/cmake/sllidar_ros2Config-version.cmake
[10.851s] -- Symlinking: /home/heto/houseRobo/houseRobo_ros2_ws/src/install/sllidar_ros2/share/sllidar_ros2/package.xml
[10.860s] Invoked command in '/home/heto/houseRobo/houseRobo_ros2_ws/src/build/sllidar_ros2' returned '0': CMAKE_PREFIX_PATH=${CMAKE_PREFIX_PATH}:/opt/ros/foxy CONDA_PROMPT_MODIFIER=(base) /usr/bin/cmake --install /home/heto/houseRobo/houseRobo_ros2_ws/src/build/sllidar_ros2
