[0.011s] Invoking command in '/home/heto/houseRobo/houseRobo_ros2_ws/src/build/sllidar_ros2': CMAKE_PREFIX_PATH=${CMAKE_PREFIX_PATH}:/opt/ros/foxy CONDA_PROMPT_MODIFIER=(base) /usr/bin/cmake /home/heto/houseRobo/houseRobo_ros2_ws/src/sllidar_ros2 -DCMAKE_INSTALL_PREFIX=/home/heto/houseRobo/houseRobo_ros2_ws/src/install/sllidar_ros2
[0.030s] -- Found ament_cmake: 0.9.12 (/opt/ros/foxy/share/ament_cmake/cmake)
[0.051s] -- Using PYTHON_EXECUTABLE: /home/heto/anaconda3/bin/python3
[0.304s] -- Override CMake install command with custom implementation using symlinks instead of copying resources
[0.321s] -- Found rclcpp: 2.4.3 (/opt/ros/foxy/share/rclcpp/cmake)
[0.493s] -- Using all available rosidl_typesupport_c: rosidl_typesupport_fastrtps_c;rosidl_typesupport_introspection_c
[0.497s] -- Found rosidl_adapter: 1.3.1 (/opt/ros/foxy/share/rosidl_adapter/cmake)
[4.008s] -- Using all available rosidl_typesupport_cpp: rosidl_typesupport_fastrtps_cpp;rosidl_typesupport_introspection_cpp
[4.057s] -- Found rmw_implementation_cmake: 1.0.4 (/opt/ros/foxy/share/rmw_implementation_cmake/cmake)
[4.059s] -- Using RMW implementation 'rmw_fastrtps_cpp' as default
[4.179s] -- Found sensor_msgs: 2.0.5 (/opt/ros/foxy/share/sensor_msgs/cmake)
[4.266s] -- Found std_srvs: 2.0.5 (/opt/ros/foxy/share/std_srvs/cmake)
[4.377s] -- Configuring done
[4.391s] -- Generating done
[4.392s] -- Build files have been written to: /home/heto/houseRobo/houseRobo_ros2_ws/src/build/sllidar_ros2
[4.399s] Invoked command in '/home/heto/houseRobo/houseRobo_ros2_ws/src/build/sllidar_ros2' returned '0': CMAKE_PREFIX_PATH=${CMAKE_PREFIX_PATH}:/opt/ros/foxy CONDA_PROMPT_MODIFIER=(base) /usr/bin/cmake /home/heto/houseRobo/houseRobo_ros2_ws/src/sllidar_ros2 -DCMAKE_INSTALL_PREFIX=/home/heto/houseRobo/houseRobo_ros2_ws/src/install/sllidar_ros2
[4.401s] Invoking command in '/home/heto/houseRobo/houseRobo_ros2_ws/src/build/sllidar_ros2': CMAKE_PREFIX_PATH=${CMAKE_PREFIX_PATH}:/opt/ros/foxy CONDA_PROMPT_MODIFIER=(base) /usr/bin/cmake --build /home/heto/houseRobo/houseRobo_ros2_ws/src/build/sllidar_ros2 -- -j16 -l16
[4.469s] [ 35%] Built target sllidar_client
[4.469s] [100%] Built target sllidar_node
[4.479s] Invoked command in '/home/heto/houseRobo/houseRobo_ros2_ws/src/build/sllidar_ros2' returned '0': CMAKE_PREFIX_PATH=${CMAKE_PREFIX_PATH}:/opt/ros/foxy CONDA_PROMPT_MODIFIER=(base) /usr/bin/cmake --build /home/heto/houseRobo/houseRobo_ros2_ws/src/build/sllidar_ros2 -- -j16 -l16
[4.523s] Invoking command in '/home/heto/houseRobo/houseRobo_ros2_ws/src/build/sllidar_ros2': CMAKE_PREFIX_PATH=${CMAKE_PREFIX_PATH}:/opt/ros/foxy CONDA_PROMPT_MODIFIER=(base) /usr/bin/cmake --install /home/heto/houseRobo/houseRobo_ros2_ws/src/build/sllidar_ros2
[4.528s] -- Install configuration: ""
[4.529s] -- Execute custom install script
[4.530s] -- Up-to-date symlink: /home/heto/houseRobo/houseRobo_ros2_ws/src/install/sllidar_ros2/share/sllidar_ros2/launch/sllidar_a3_launch.py
[4.530s] -- Up-to-date symlink: /home/heto/houseRobo/houseRobo_ros2_ws/src/install/sllidar_ros2/share/sllidar_ros2/launch/sllidar_launch.py
[4.531s] -- Up-to-date symlink: /home/heto/houseRobo/houseRobo_ros2_ws/src/install/sllidar_ros2/share/sllidar_ros2/launch/sllidar_s1_launch.py
[4.531s] -- Up-to-date symlink: /home/heto/houseRobo/houseRobo_ros2_ws/src/install/sllidar_ros2/share/sllidar_ros2/launch/sllidar_s1_tcp_launch.py
[4.532s] -- Up-to-date symlink: /home/heto/houseRobo/houseRobo_ros2_ws/src/install/sllidar_ros2/share/sllidar_ros2/launch/sllidar_s2_launch.py
[4.532s] -- Up-to-date symlink: /home/heto/houseRobo/houseRobo_ros2_ws/src/install/sllidar_ros2/share/sllidar_ros2/launch/sllidar_s2e_launch.py
[4.532s] -- Up-to-date symlink: /home/heto/houseRobo/houseRobo_ros2_ws/src/install/sllidar_ros2/share/sllidar_ros2/launch/sllidar_t1_launch.py
[4.533s] -- Up-to-date symlink: /home/heto/houseRobo/houseRobo_ros2_ws/src/install/sllidar_ros2/share/sllidar_ros2/launch/view_sllidar_a3_launch.py
[4.533s] -- Up-to-date symlink: /home/heto/houseRobo/houseRobo_ros2_ws/src/install/sllidar_ros2/share/sllidar_ros2/launch/view_sllidar_launch.py
[4.534s] -- Up-to-date symlink: /home/heto/houseRobo/houseRobo_ros2_ws/src/install/sllidar_ros2/share/sllidar_ros2/launch/view_sllidar_s1_launch.py
[4.534s] -- Up-to-date symlink: /home/heto/houseRobo/houseRobo_ros2_ws/src/install/sllidar_ros2/share/sllidar_ros2/launch/view_sllidar_s1_tcp_launch.py
[4.534s] -- Up-to-date symlink: /home/heto/houseRobo/houseRobo_ros2_ws/src/install/sllidar_ros2/share/sllidar_ros2/launch/view_sllidar_s2_launch.py
[4.534s] -- Up-to-date symlink: /home/heto/houseRobo/houseRobo_ros2_ws/src/install/sllidar_ros2/share/sllidar_ros2/launch/view_sllidar_s2e_launch.py
[4.535s] -- Up-to-date symlink: /home/heto/houseRobo/houseRobo_ros2_ws/src/install/sllidar_ros2/share/sllidar_ros2/launch/view_sllidar_t1_launch.py
[4.535s] -- Up-to-date symlink: /home/heto/houseRobo/houseRobo_ros2_ws/src/install/sllidar_ros2/share/sllidar_ros2/rviz/sllidar_ros2.rviz
[4.536s] -- Up-to-date symlink: /home/heto/houseRobo/houseRobo_ros2_ws/src/install/sllidar_ros2/lib/sllidar_ros2/sllidar_node
[4.536s] -- Up-to-date symlink: /home/heto/houseRobo/houseRobo_ros2_ws/src/install/sllidar_ros2/lib/sllidar_ros2/sllidar_client
[4.537s] -- Up-to-date symlink: /home/heto/houseRobo/houseRobo_ros2_ws/src/install/sllidar_ros2/share/ament_index/resource_index/package_run_dependencies/sllidar_ros2
[4.537s] -- Up-to-date symlink: /home/heto/houseRobo/houseRobo_ros2_ws/src/install/sllidar_ros2/share/ament_index/resource_index/parent_prefix_path/sllidar_ros2
[4.537s] -- Up-to-date symlink: /home/heto/houseRobo/houseRobo_ros2_ws/src/install/sllidar_ros2/share/sllidar_ros2/environment/ament_prefix_path.sh
[4.538s] -- Up-to-date symlink: /home/heto/houseRobo/houseRobo_ros2_ws/src/install/sllidar_ros2/share/sllidar_ros2/environment/ament_prefix_path.dsv
[4.538s] -- Up-to-date symlink: /home/heto/houseRobo/houseRobo_ros2_ws/src/install/sllidar_ros2/share/sllidar_ros2/environment/path.sh
[4.538s] -- Up-to-date symlink: /home/heto/houseRobo/houseRobo_ros2_ws/src/install/sllidar_ros2/share/sllidar_ros2/environment/path.dsv
[4.539s] -- Up-to-date symlink: /home/heto/houseRobo/houseRobo_ros2_ws/src/install/sllidar_ros2/share/sllidar_ros2/local_setup.bash
[4.539s] -- Up-to-date symlink: /home/heto/houseRobo/houseRobo_ros2_ws/src/install/sllidar_ros2/share/sllidar_ros2/local_setup.sh
[4.539s] -- Up-to-date symlink: /home/heto/houseRobo/houseRobo_ros2_ws/src/install/sllidar_ros2/share/sllidar_ros2/local_setup.zsh
[4.539s] -- Up-to-date symlink: /home/heto/houseRobo/houseRobo_ros2_ws/src/install/sllidar_ros2/share/sllidar_ros2/local_setup.dsv
[4.540s] -- Symlinking: /home/heto/houseRobo/houseRobo_ros2_ws/src/install/sllidar_ros2/share/sllidar_ros2/package.dsv
[4.548s] -- Up-to-date symlink: /home/heto/houseRobo/houseRobo_ros2_ws/src/install/sllidar_ros2/share/ament_index/resource_index/packages/sllidar_ros2
[4.548s] -- Up-to-date symlink: /home/heto/houseRobo/houseRobo_ros2_ws/src/install/sllidar_ros2/share/sllidar_ros2/cmake/ament_cmake_export_dependencies-extras.cmake
[4.548s] -- Up-to-date symlink: /home/heto/houseRobo/houseRobo_ros2_ws/src/install/sllidar_ros2/share/sllidar_ros2/cmake/ament_cmake_export_include_directories-extras.cmake
[4.549s] -- Up-to-date symlink: /home/heto/houseRobo/houseRobo_ros2_ws/src/install/sllidar_ros2/share/sllidar_ros2/cmake/sllidar_ros2Config.cmake
[4.549s] -- Up-to-date symlink: /home/heto/houseRobo/houseRobo_ros2_ws/src/install/sllidar_ros2/share/sllidar_ros2/cmake/sllidar_ros2Config-version.cmake
[4.550s] -- Up-to-date symlink: /home/heto/houseRobo/houseRobo_ros2_ws/src/install/sllidar_ros2/share/sllidar_ros2/package.xml
[4.552s] Invoked command in '/home/heto/houseRobo/houseRobo_ros2_ws/src/build/sllidar_ros2' returned '0': CMAKE_PREFIX_PATH=${CMAKE_PREFIX_PATH}:/opt/ros/foxy CONDA_PROMPT_MODIFIER=(base) /usr/bin/cmake --install /home/heto/houseRobo/houseRobo_ros2_ws/src/build/sllidar_ros2
