[0.011s] Invoking command in '/home/heto/houseRobo_ros2_ws/build/sllidar_ros2': CMAKE_PREFIX_PATH=/opt/ros/foxy CONDA_PROMPT_MODIFIER=(base) /usr/bin/cmake /home/heto/houseRobo_ros2_ws/src/sllidar_ros2 -DAMENT_CMAKE_SYMLINK_INSTALL=1 -DCMAKE_INSTALL_PREFIX=/home/heto/houseRobo_ros2_ws/install/sllidar_ros2
[0.103s] -- The C compiler identification is GNU 9.4.0
[0.244s] -- The CXX compiler identification is GNU 9.4.0
[0.314s] -- Check for working C compiler: /usr/bin/cc
[0.397s] -- Check for working C compiler: /usr/bin/cc -- works
[0.398s] -- Detecting C compiler ABI info
[0.480s] -- Detecting C compiler ABI info - done
[0.487s] -- Detecting C compile features
[0.487s] -- Detecting C compile features - done
[0.489s] -- Check for working CXX compiler: /usr/bin/c++
[0.578s] -- Check for working CXX compiler: /usr/bin/c++ -- works
[0.578s] -- Detecting CXX compiler ABI info
[0.665s] -- Detecting CXX compiler ABI info - done
[0.673s] -- Detecting CXX compile features
[0.673s] -- Detecting CXX compile features - done
[0.674s] -- Found ament_cmake: 0.9.11 (/opt/ros/foxy/share/ament_cmake/cmake)
[0.689s] -- Found PythonInterp: /home/heto/anaconda3/bin/python3 (found suitable version "3.8.12", minimum required is "3") 
[0.689s] -- Using PYTHON_EXECUTABLE: /home/heto/anaconda3/bin/python3
[0.819s] -- Override CMake install command with custom implementation using symlinks instead of copying resources
[0.830s] -- Found rclcpp: 2.4.2 (/opt/ros/foxy/share/rclcpp/cmake)
[0.932s] -- Using all available rosidl_typesupport_c: rosidl_typesupport_fastrtps_c;rosidl_typesupport_introspection_c
[0.935s] -- Found rosidl_adapter: 1.3.0 (/opt/ros/foxy/share/rosidl_adapter/cmake)
[1.575s] -- Found OpenSSL: /usr/lib/x86_64-linux-gnu/libcrypto.so (found version "1.1.1f")  
[2.242s] -- Found FastRTPS: /opt/ros/foxy/include  
[3.434s] -- Using all available rosidl_typesupport_cpp: rosidl_typesupport_fastrtps_cpp;rosidl_typesupport_introspection_cpp
[3.469s] -- Found rmw_implementation_cmake: 1.0.3 (/opt/ros/foxy/share/rmw_implementation_cmake/cmake)
[3.470s] -- Using RMW implementation 'rmw_fastrtps_cpp' as default
[3.470s] -- Looking for pthread.h
[3.555s] -- Looking for pthread.h - found
[3.555s] -- Performing Test CMAKE_HAVE_LIBC_PTHREAD
[3.639s] -- Performing Test CMAKE_HAVE_LIBC_PTHREAD - Failed
[3.640s] -- Looking for pthread_create in pthreads
[3.716s] -- Looking for pthread_create in pthreads - not found
[3.716s] -- Looking for pthread_create in pthread
[3.800s] -- Looking for pthread_create in pthread - found
[3.800s] -- Found Threads: TRUE  
[3.898s] -- Found sensor_msgs: 2.0.5 (/opt/ros/foxy/share/sensor_msgs/cmake)
[3.973s] -- Found std_srvs: 2.0.5 (/opt/ros/foxy/share/std_srvs/cmake)
[4.057s] -- Configuring done
[4.066s] -- Generating done
[4.067s] -- Build files have been written to: /home/heto/houseRobo_ros2_ws/build/sllidar_ros2
[4.077s] Invoked command in '/home/heto/houseRobo_ros2_ws/build/sllidar_ros2' returned '0': CMAKE_PREFIX_PATH=/opt/ros/foxy CONDA_PROMPT_MODIFIER=(base) /usr/bin/cmake /home/heto/houseRobo_ros2_ws/src/sllidar_ros2 -DAMENT_CMAKE_SYMLINK_INSTALL=1 -DCMAKE_INSTALL_PREFIX=/home/heto/houseRobo_ros2_ws/install/sllidar_ros2
[4.077s] Invoking command in '/home/heto/houseRobo_ros2_ws/build/sllidar_ros2': CMAKE_PREFIX_PATH=/opt/ros/foxy CONDA_PROMPT_MODIFIER=(base) /usr/bin/cmake --build /home/heto/houseRobo_ros2_ws/build/sllidar_ros2 -- -j16 -l16
[4.100s] [35m[1mScanning dependencies of target sllidar_client[0m
[4.100s] [35m[1mScanning dependencies of target sllidar_node[0m
[4.119s] [  7%] [32mBuilding CXX object CMakeFiles/sllidar_client.dir/src/sllidar_client.cpp.o[0m
[4.123s] [ 28%] [32mBuilding CXX object CMakeFiles/sllidar_node.dir/sdk/src/arch/linux/timer.cpp.o[0m
[4.123s] [ 28%] [32mBuilding CXX object CMakeFiles/sllidar_node.dir/src/sllidar_node.cpp.o[0m
[4.123s] [ 28%] [32mBuilding CXX object CMakeFiles/sllidar_node.dir/sdk/src/arch/linux/net_socket.cpp.o[0m
[4.124s] [ 35%] [32mBuilding CXX object CMakeFiles/sllidar_node.dir/sdk/src/hal/thread.cpp.o[0m
[4.124s] [ 42%] [32mBuilding CXX object CMakeFiles/sllidar_node.dir/sdk/src/arch/linux/net_serial.cpp.o[0m
[4.124s] [ 50%] [32mBuilding CXX object CMakeFiles/sllidar_node.dir/sdk/src/rplidar_driver.cpp.o[0m
[4.124s] [ 64%] [32mBuilding CXX object CMakeFiles/sllidar_node.dir/sdk/src/sl_crc.cpp.o[0m
[4.124s] [ 64%] [32mBuilding CXX object CMakeFiles/sllidar_node.dir/sdk/src/sl_tcp_channel.cpp.o[0m
[4.124s] [ 71%] [32mBuilding CXX object CMakeFiles/sllidar_node.dir/sdk/src/sl_serial_channel.cpp.o[0m
[4.124s] [ 78%] [32mBuilding CXX object CMakeFiles/sllidar_node.dir/sdk/src/sl_lidar_driver.cpp.o[0m
[4.125s] [ 85%] [32mBuilding CXX object CMakeFiles/sllidar_node.dir/sdk/src/sl_udp_channel.cpp.o[0m
[4.129s] [01m[K/home/heto/houseRobo_ros2_ws/src/sllidar_ros2/sdk/src/sl_tcp_channel.cpp:33:9:[m[K [01;35m[Kwarning: [m[K#pragma once in main file
[4.129s]    33 | #pragma [01;35m[Konce[m[K
[4.129s]       |         [01;35m[K^~~~[m[K
[4.129s] [01m[K/home/heto/houseRobo_ros2_ws/src/sllidar_ros2/sdk/src/sl_serial_channel.cpp:33:9:[m[K [01;35m[Kwarning: [m[K#pragma once in main file
[4.129s]    33 | #pragma [01;35m[Konce[m[K
[4.129s]       |         [01;35m[K^~~~[m[K
[4.129s] [01m[K/home/heto/houseRobo_ros2_ws/src/sllidar_ros2/sdk/src/sl_udp_channel.cpp:33:9:[m[K [01;35m[Kwarning: [m[K#pragma once in main file
[4.129s]    33 | #pragma [01;35m[Konce[m[K
[4.130s]       |         [01;35m[K^~~~[m[K
[4.132s] In file included from [01m[K/home/heto/houseRobo_ros2_ws/src/sllidar_ros2/./sdk/include/sl_lidar_cmd.h:36[m[K,
[4.132s]                  from [01m[K/home/heto/houseRobo_ros2_ws/src/sllidar_ros2/./sdk/include/sl_crc.h:36[m[K,
[4.132s]                  from [01m[K/home/heto/houseRobo_ros2_ws/src/sllidar_ros2/sdk/src/sl_crc.cpp:33[m[K:
[4.132s] [01m[K/home/heto/houseRobo_ros2_ws/src/sllidar_ros2/./sdk/include/sl_lidar_protocol.h:58:16:[m[K [01;35m[Kwarning: [m[KISO C++ forbids zero-size array ‘[01m[Kdata[m[K’ [[01;35m[K-Wpedantic[m[K]
[4.132s]    58 |     sl_u8 data[[01;35m[K0[m[K];
[4.132s]       |                [01;35m[K^[m[K
[4.133s] In file included from [01m[K/home/heto/houseRobo_ros2_ws/src/sllidar_ros2/./sdk/include/sl_crc.h:36[m[K,
[4.133s]                  from [01m[K/home/heto/houseRobo_ros2_ws/src/sllidar_ros2/sdk/src/sl_crc.cpp:33[m[K:
[4.133s] [01m[K/home/heto/houseRobo_ros2_ws/src/sllidar_ros2/./sdk/include/sl_lidar_cmd.h:295:20:[m[K [01;35m[Kwarning: [m[KISO C++ forbids zero-size array ‘[01m[Kpayload[m[K’ [[01;35m[K-Wpedantic[m[K]
[4.133s]   295 |     sl_u8  payload[[01;35m[K0[m[K];
[4.133s]       |                    [01;35m[K^[m[K
[4.133s] [01m[K/home/heto/houseRobo_ros2_ws/src/sllidar_ros2/sdk/src/sl_crc.cpp:[m[K In function ‘[01m[Ksl_u32 sl::crc32::cal(sl_u32, void*, sl_u16)[m[K’:
[4.133s] [01m[K/home/heto/houseRobo_ros2_ws/src/sllidar_ros2/sdk/src/sl_crc.cpp:77:29:[m[K [01;35m[Kwarning: [m[Ksuggest parentheses around ‘[01m[K-[m[K’ in operand of ‘[01m[K&[m[K’ [[01;35m[K-Wparentheses[m[K]
[4.133s]    77 |         sl_u8 leftBytes = [01;35m[K4 - len[m[K & 0x3;
[4.133s]       |                           [01;35m[K~~^~~~~[m[K
[4.162s] In file included from [01m[K/home/heto/houseRobo_ros2_ws/src/sllidar_ros2/./sdk/src/sdkcommon.h:47[m[K,
[4.162s]                  from [01m[K/home/heto/houseRobo_ros2_ws/src/sllidar_ros2/sdk/src/arch/linux/net_socket.cpp:10[m[K:
[4.162s] [01m[K/home/heto/houseRobo_ros2_ws/src/sllidar_ros2/./sdk/src/hal/assert.h:1:1:[m[K [01;35m[Kwarning: [m[Knull character(s) ignored
[4.162s]     1 | [01;35m[K [m[K                                                                                                                                                                                                                                                                                                                        
[4.162s]       | [01;35m[K^[m[K
[4.164s] In file included from [01m[K/home/heto/houseRobo_ros2_ws/src/sllidar_ros2/sdk/src/sdkcommon.h:47[m[K,
[4.164s]                  from [01m[K/home/heto/houseRobo_ros2_ws/src/sllidar_ros2/sdk/src/sl_lidar_driver.cpp:33[m[K:
[4.164s] [01m[K/home/heto/houseRobo_ros2_ws/src/sllidar_ros2/sdk/src/hal/assert.h:1:1:[m[K [01;35m[Kwarning: [m[Knull character(s) ignored
[4.164s]     1 | [01;35m[K [m[K                                                                                                                                                                                                                                                                                                                        
[4.164s]       | [01;35m[K^[m[K
[4.169s] In file included from [01m[K/home/heto/houseRobo_ros2_ws/src/sllidar_ros2/sdk/src/sl_lidar_driver.cpp:37[m[K:
[4.169s] [01m[K/home/heto/houseRobo_ros2_ws/src/sllidar_ros2/sdk/src/hal/assert.h:1:1:[m[K [01;35m[Kwarning: [m[Knull character(s) ignored
[4.169s]     1 | [01;35m[K [m[K                                                                                                                                                                                                                                                                                                                        
[4.169s]       | [01;35m[K^[m[K
[4.177s] In file included from [01m[K/home/heto/houseRobo_ros2_ws/src/sllidar_ros2/sdk/src/sdkcommon.h:47[m[K,
[4.177s]                  from [01m[K/home/heto/houseRobo_ros2_ws/src/sllidar_ros2/sdk/src/rplidar_driver.cpp:33[m[K:
[4.177s] [01m[K/home/heto/houseRobo_ros2_ws/src/sllidar_ros2/sdk/src/hal/assert.h:1:1:[m[K [01;35m[Kwarning: [m[Knull character(s) ignored
[4.177s]     1 | [01;35m[K [m[K                                                                                                                                                                                                                                                                                                                        
[4.177s]       | [01;35m[K^[m[K
[4.177s] In file included from [01m[K/home/heto/houseRobo_ros2_ws/src/sllidar_ros2/./sdk/src/sdkcommon.h:47[m[K,
[4.177s]                  from [01m[K/home/heto/houseRobo_ros2_ws/src/sllidar_ros2/sdk/src/hal/thread.cpp:35[m[K:
[4.178s] [01m[K/home/heto/houseRobo_ros2_ws/src/sllidar_ros2/./sdk/src/hal/assert.h:1:1:[m[K [01;35m[Kwarning: [m[Knull character(s) ignored
[4.178s]     1 | [01;35m[K [m[K                                                                                                                                                                                                                                                                                                                        
[4.178s]       | [01;35m[K^[m[K
[4.184s] In file included from [01m[K/home/heto/houseRobo_ros2_ws/src/sllidar_ros2/sdk/src/rplidar_driver.cpp:37[m[K:
[4.184s] [01m[K/home/heto/houseRobo_ros2_ws/src/sllidar_ros2/sdk/src/hal/assert.h:1:1:[m[K [01;35m[Kwarning: [m[Knull character(s) ignored
[4.184s]     1 | [01;35m[K [m[K                                                                                                                                                                                                                                                                                                                        
[4.184s]       | [01;35m[K^[m[K
[4.298s] In file included from [01m[K/home/heto/houseRobo_ros2_ws/src/sllidar_ros2/./sdk/include/sl_lidar_cmd.h:36[m[K,
[4.298s]                  from [01m[K/home/heto/houseRobo_ros2_ws/src/sllidar_ros2/./sdk/include/sl_lidar_driver.h:54[m[K,
[4.298s]                  from [01m[K/home/heto/houseRobo_ros2_ws/src/sllidar_ros2/sdk/src/sl_serial_channel.cpp:34[m[K:
[4.298s] [01m[K/home/heto/houseRobo_ros2_ws/src/sllidar_ros2/./sdk/include/sl_lidar_protocol.h:58:16:[m[K [01;35m[Kwarning: [m[KISO C++ forbids zero-size array ‘[01m[Kdata[m[K’ [[01;35m[K-Wpedantic[m[K]
[4.298s]    58 |     sl_u8 data[[01;35m[K0[m[K];
[4.298s]       |                [01;35m[K^[m[K
[4.299s] In file included from [01m[K/home/heto/houseRobo_ros2_ws/src/sllidar_ros2/./sdk/include/sl_lidar_driver.h:54[m[K,
[4.299s]                  from [01m[K/home/heto/houseRobo_ros2_ws/src/sllidar_ros2/sdk/src/sl_serial_channel.cpp:34[m[K:
[4.299s] [01m[K/home/heto/houseRobo_ros2_ws/src/sllidar_ros2/./sdk/include/sl_lidar_cmd.h:295:20:[m[K [01;35m[Kwarning: [m[KISO C++ forbids zero-size array ‘[01m[Kpayload[m[K’ [[01;35m[K-Wpedantic[m[K]
[4.299s]   295 |     sl_u8  payload[[01;35m[K0[m[K];
[4.299s]       |                    [01;35m[K^[m[K
[4.314s] In file included from [01m[K/home/heto/houseRobo_ros2_ws/src/sllidar_ros2/./sdk/include/sl_lidar_cmd.h:36[m[K,
[4.314s]                  from [01m[K/home/heto/houseRobo_ros2_ws/src/sllidar_ros2/./sdk/include/sl_lidar_driver.h:54[m[K,
[4.314s]                  from [01m[K/home/heto/houseRobo_ros2_ws/src/sllidar_ros2/sdk/src/sl_udp_channel.cpp:34[m[K:
[4.314s] [01m[K/home/heto/houseRobo_ros2_ws/src/sllidar_ros2/./sdk/include/sl_lidar_protocol.h:58:16:[m[K [01;35m[Kwarning: [m[KISO C++ forbids zero-size array ‘[01m[Kdata[m[K’ [[01;35m[K-Wpedantic[m[K]
[4.314s]    58 |     sl_u8 data[[01;35m[K0[m[K];
[4.314s]       |                [01;35m[K^[m[K
[4.315s] In file included from [01m[K/home/heto/houseRobo_ros2_ws/src/sllidar_ros2/./sdk/include/sl_lidar_driver.h:54[m[K,
[4.315s]                  from [01m[K/home/heto/houseRobo_ros2_ws/src/sllidar_ros2/sdk/src/sl_udp_channel.cpp:34[m[K:
[4.315s] [01m[K/home/heto/houseRobo_ros2_ws/src/sllidar_ros2/./sdk/include/sl_lidar_cmd.h:295:20:[m[K [01;35m[Kwarning: [m[KISO C++ forbids zero-size array ‘[01m[Kpayload[m[K’ [[01;35m[K-Wpedantic[m[K]
[4.315s]   295 |     sl_u8  payload[[01;35m[K0[m[K];
[4.315s]       |                    [01;35m[K^[m[K
[4.315s] In file included from [01m[K/home/heto/houseRobo_ros2_ws/src/sllidar_ros2/./sdk/include/sl_lidar_cmd.h:36[m[K,
[4.315s]                  from [01m[K/home/heto/houseRobo_ros2_ws/src/sllidar_ros2/./sdk/include/sl_lidar_driver.h:54[m[K,
[4.315s]                  from [01m[K/home/heto/houseRobo_ros2_ws/src/sllidar_ros2/sdk/src/sl_tcp_channel.cpp:34[m[K:
[4.316s] [01m[K/home/heto/houseRobo_ros2_ws/src/sllidar_ros2/./sdk/include/sl_lidar_protocol.h:58:16:[m[K [01;35m[Kwarning: [m[KISO C++ forbids zero-size array ‘[01m[Kdata[m[K’ [[01;35m[K-Wpedantic[m[K]
[4.316s]    58 |     sl_u8 data[[01;35m[K0[m[K];
[4.316s]       |                [01;35m[K^[m[K
[4.316s] In file included from [01m[K/home/heto/houseRobo_ros2_ws/src/sllidar_ros2/./sdk/include/sl_lidar_driver.h:54[m[K,
[4.316s]                  from [01m[K/home/heto/houseRobo_ros2_ws/src/sllidar_ros2/sdk/src/sl_tcp_channel.cpp:34[m[K:
[4.316s] [01m[K/home/heto/houseRobo_ros2_ws/src/sllidar_ros2/./sdk/include/sl_lidar_cmd.h:295:20:[m[K [01;35m[Kwarning: [m[KISO C++ forbids zero-size array ‘[01m[Kpayload[m[K’ [[01;35m[K-Wpedantic[m[K]
[4.316s]   295 |     sl_u8  payload[[01;35m[K0[m[K];
[4.316s]       |                    [01;35m[K^[m[K
[4.319s] [01m[K/home/heto/houseRobo_ros2_ws/src/sllidar_ros2/sdk/src/sl_udp_channel.cpp:[m[K In member function ‘[01m[Kvoid sl::UdpChannel::setStatus(_u32)[m[K’:
[4.319s] [01m[K/home/heto/houseRobo_ros2_ws/src/sllidar_ros2/sdk/src/sl_udp_channel.cpp:103:29:[m[K [01;35m[Kwarning: [m[Kunused parameter ‘[01m[Kflag[m[K’ [[01;35m[K-Wunused-parameter[m[K]
[4.320s]   103 |         void setStatus([01;35m[K_u32 flag[m[K){}
[4.320s]       |                        [01;35m[K~~~~~^~~~[m[K
[4.320s] [01m[K/home/heto/houseRobo_ros2_ws/src/sllidar_ros2/sdk/src/sl_tcp_channel.cpp:[m[K In member function ‘[01m[Kvoid sl::TcpChannel::setStatus(_u32)[m[K’:
[4.320s] [01m[K/home/heto/houseRobo_ros2_ws/src/sllidar_ros2/sdk/src/sl_tcp_channel.cpp:95:29:[m[K [01;35m[Kwarning: [m[Kunused parameter ‘[01m[Kflag[m[K’ [[01;35m[K-Wunused-parameter[m[K]
[4.320s]    95 |         void setStatus([01;35m[K_u32 flag[m[K){}
[4.320s]       |                        [01;35m[K~~~~~^~~~[m[K
[4.343s] [01m[K/home/heto/houseRobo_ros2_ws/src/sllidar_ros2/sdk/src/arch/linux/net_serial.cpp:[m[K In member function ‘[01m[Kbool rp::arch::net::raw_serial::open(const char*, uint32_t, uint32_t)[m[K’:
[4.343s] [01m[K/home/heto/houseRobo_ros2_ws/src/sllidar_ros2/sdk/src/arch/linux/net_serial.cpp:97:74:[m[K [01;35m[Kwarning: [m[Kunused parameter ‘[01m[Kflags[m[K’ [[01;35m[K-Wunused-parameter[m[K]
[4.344s]    97 | bool raw_serial::open(const char * portname, uint32_t baudrate, [01;35m[Kuint32_t flags[m[K)
[4.344s]       |                                                                 [01;35m[K~~~~~~~~~^~~~~[m[K
[4.344s] [01m[K/home/heto/houseRobo_ros2_ws/src/sllidar_ros2/sdk/src/arch/linux/net_serial.cpp:[m[K In member function ‘[01m[Kvirtual void rp::arch::net::raw_serial::flush(_u32)[m[K’:
[4.344s] [01m[K/home/heto/houseRobo_ros2_ws/src/sllidar_ros2/sdk/src/arch/linux/net_serial.cpp:281:30:[m[K [01;35m[Kwarning: [m[Kunused parameter ‘[01m[Kflags[m[K’ [[01;35m[K-Wunused-parameter[m[K]
[4.344s]   281 | void raw_serial::flush( [01;35m[K_u32 flags[m[K)
[4.344s]       |                         [01;35m[K~~~~~^~~~~[m[K
[4.344s] [01m[K/home/heto/houseRobo_ros2_ws/src/sllidar_ros2/sdk/src/arch/linux/net_serial.cpp:[m[K In member function ‘[01m[Kvirtual int rp::arch::net::raw_serial::waitforsent(_u32, size_t*)[m[K’:
[4.345s] [01m[K/home/heto/houseRobo_ros2_ws/src/sllidar_ros2/sdk/src/arch/linux/net_serial.cpp:286:34:[m[K [01;35m[Kwarning: [m[Kunused parameter ‘[01m[Ktimeout[m[K’ [[01;35m[K-Wunused-parameter[m[K]
[4.345s]   286 | int raw_serial::waitforsent([01;35m[K_u32 timeout[m[K, size_t * returned_size)
[4.345s]       |                             [01;35m[K~~~~~^~~~~~~[m[K
[4.345s] [01m[K/home/heto/houseRobo_ros2_ws/src/sllidar_ros2/sdk/src/arch/linux/net_serial.cpp:[m[K In member function ‘[01m[Kvirtual int rp::arch::net::raw_serial::waitforrecv(_u32, size_t*)[m[K’:
[4.345s] [01m[K/home/heto/houseRobo_ros2_ws/src/sllidar_ros2/sdk/src/arch/linux/net_serial.cpp:292:34:[m[K [01;35m[Kwarning: [m[Kunused parameter ‘[01m[Ktimeout[m[K’ [[01;35m[K-Wunused-parameter[m[K]
[4.345s]   292 | int raw_serial::waitforrecv([01;35m[K_u32 timeout[m[K, size_t * returned_size)
[4.345s]       |                             [01;35m[K~~~~~^~~~~~~[m[K
[4.374s] In file included from [01m[K/home/heto/houseRobo_ros2_ws/src/sllidar_ros2/./sdk/include/rplidar_protocol.h:36[m[K,
[4.374s]                  from [01m[K/home/heto/houseRobo_ros2_ws/src/sllidar_ros2/./sdk/include/rplidar.h:39[m[K,
[4.374s]                  from [01m[K/home/heto/houseRobo_ros2_ws/src/sllidar_ros2/sdk/src/sdkcommon.h:49[m[K,
[4.374s]                  from [01m[K/home/heto/houseRobo_ros2_ws/src/sllidar_ros2/sdk/src/sl_lidar_driver.cpp:33[m[K:
[4.375s] [01m[K/home/heto/houseRobo_ros2_ws/src/sllidar_ros2/./sdk/include/sl_lidar_protocol.h:58:16:[m[K [01;35m[Kwarning: [m[KISO C++ forbids zero-size array ‘[01m[Kdata[m[K’ [[01;35m[K-Wpedantic[m[K]
[4.375s]    58 |     sl_u8 data[[01;35m[K0[m[K];
[4.375s]       |                [01;35m[K^[m[K
[4.375s] In file included from [01m[K/home/heto/houseRobo_ros2_ws/src/sllidar_ros2/./sdk/include/rplidar_cmd.h:36[m[K,
[4.375s]                  from [01m[K/home/heto/houseRobo_ros2_ws/src/sllidar_ros2/./sdk/include/rplidar.h:40[m[K,
[4.375s]                  from [01m[K/home/heto/houseRobo_ros2_ws/src/sllidar_ros2/sdk/src/sdkcommon.h:49[m[K,
[4.375s]                  from [01m[K/home/heto/houseRobo_ros2_ws/src/sllidar_ros2/sdk/src/sl_lidar_driver.cpp:33[m[K:
[4.375s] [01m[K/home/heto/houseRobo_ros2_ws/src/sllidar_ros2/./sdk/include/sl_lidar_cmd.h:295:20:[m[K [01;35m[Kwarning: [m[KISO C++ forbids zero-size array ‘[01m[Kpayload[m[K’ [[01;35m[K-Wpedantic[m[K]
[4.375s]   295 |     sl_u8  payload[[01;35m[K0[m[K];
[4.375s]       |                    [01;35m[K^[m[K
[4.375s] In file included from [01m[K/home/heto/houseRobo_ros2_ws/src/sllidar_ros2/./sdk/include/rplidar_protocol.h:36[m[K,
[4.375s]                  from [01m[K/home/heto/houseRobo_ros2_ws/src/sllidar_ros2/./sdk/include/rplidar.h:39[m[K,
[4.375s]                  from [01m[K/home/heto/houseRobo_ros2_ws/src/sllidar_ros2/./sdk/src/sdkcommon.h:49[m[K,
[4.375s]                  from [01m[K/home/heto/houseRobo_ros2_ws/src/sllidar_ros2/sdk/src/arch/linux/net_socket.cpp:10[m[K:
[4.375s] [01m[K/home/heto/houseRobo_ros2_ws/src/sllidar_ros2/./sdk/include/sl_lidar_protocol.h:58:16:[m[K [01;35m[Kwarning: [m[KISO C++ forbids zero-size array ‘[01m[Kdata[m[K’ [[01;35m[K-Wpedantic[m[K]
[4.375s]    58 |     sl_u8 data[[01;35m[K0[m[K];
[4.375s]       |                [01;35m[K^[m[K
[4.375s] In file included from [01m[K/home/heto/houseRobo_ros2_ws/src/sllidar_ros2/./sdk/include/rplidar_cmd.h:36[m[K,
[4.375s]                  from [01m[K/home/heto/houseRobo_ros2_ws/src/sllidar_ros2/./sdk/include/rplidar.h:40[m[K,
[4.375s]                  from [01m[K/home/heto/houseRobo_ros2_ws/src/sllidar_ros2/./sdk/src/sdkcommon.h:49[m[K,
[4.376s]                  from [01m[K/home/heto/houseRobo_ros2_ws/src/sllidar_ros2/sdk/src/arch/linux/net_socket.cpp:10[m[K:
[4.376s] [01m[K/home/heto/houseRobo_ros2_ws/src/sllidar_ros2/./sdk/include/sl_lidar_cmd.h:295:20:[m[K [01;35m[Kwarning: [m[KISO C++ forbids zero-size array ‘[01m[Kpayload[m[K’ [[01;35m[K-Wpedantic[m[K]
[4.376s]   295 |     sl_u8  payload[[01;35m[K0[m[K];
[4.376s]       |                    [01;35m[K^[m[K
[4.392s] In file included from [01m[K/home/heto/houseRobo_ros2_ws/src/sllidar_ros2/./sdk/include/rplidar_protocol.h:36[m[K,
[4.392s]                  from [01m[K/home/heto/houseRobo_ros2_ws/src/sllidar_ros2/./sdk/include/rplidar.h:39[m[K,
[4.392s]                  from [01m[K/home/heto/houseRobo_ros2_ws/src/sllidar_ros2/./sdk/src/sdkcommon.h:49[m[K,
[4.392s]                  from [01m[K/home/heto/houseRobo_ros2_ws/src/sllidar_ros2/sdk/src/hal/thread.cpp:35[m[K:
[4.392s] [01m[K/home/heto/houseRobo_ros2_ws/src/sllidar_ros2/./sdk/include/sl_lidar_protocol.h:58:16:[m[K [01;35m[Kwarning: [m[KISO C++ forbids zero-size array ‘[01m[Kdata[m[K’ [[01;35m[K-Wpedantic[m[K]
[4.392s]    58 |     sl_u8 data[[01;35m[K0[m[K];
[4.392s]       |                [01;35m[K^[m[K
[4.392s] In file included from [01m[K/home/heto/houseRobo_ros2_ws/src/sllidar_ros2/./sdk/include/rplidar_cmd.h:36[m[K,
[4.392s]                  from [01m[K/home/heto/houseRobo_ros2_ws/src/sllidar_ros2/./sdk/include/rplidar.h:40[m[K,
[4.392s]                  from [01m[K/home/heto/houseRobo_ros2_ws/src/sllidar_ros2/./sdk/src/sdkcommon.h:49[m[K,
[4.392s]                  from [01m[K/home/heto/houseRobo_ros2_ws/src/sllidar_ros2/sdk/src/hal/thread.cpp:35[m[K:
[4.392s] [01m[K/home/heto/houseRobo_ros2_ws/src/sllidar_ros2/./sdk/include/sl_lidar_cmd.h:295:20:[m[K [01;35m[Kwarning: [m[KISO C++ forbids zero-size array ‘[01m[Kpayload[m[K’ [[01;35m[K-Wpedantic[m[K]
[4.392s]   295 |     sl_u8  payload[[01;35m[K0[m[K];
[4.392s]       |                    [01;35m[K^[m[K
[4.394s] In file included from [01m[K/home/heto/houseRobo_ros2_ws/src/sllidar_ros2/./sdk/include/rplidar_protocol.h:36[m[K,
[4.394s]                  from [01m[K/home/heto/houseRobo_ros2_ws/src/sllidar_ros2/./sdk/include/rplidar.h:39[m[K,
[4.394s]                  from [01m[K/home/heto/houseRobo_ros2_ws/src/sllidar_ros2/sdk/src/sdkcommon.h:49[m[K,
[4.394s]                  from [01m[K/home/heto/houseRobo_ros2_ws/src/sllidar_ros2/sdk/src/rplidar_driver.cpp:33[m[K:
[4.394s] [01m[K/home/heto/houseRobo_ros2_ws/src/sllidar_ros2/./sdk/include/sl_lidar_protocol.h:58:16:[m[K [01;35m[Kwarning: [m[KISO C++ forbids zero-size array ‘[01m[Kdata[m[K’ [[01;35m[K-Wpedantic[m[K]
[4.394s]    58 |     sl_u8 data[[01;35m[K0[m[K];
[4.394s]       |                [01;35m[K^[m[K
[4.394s] In file included from [01m[K/home/heto/houseRobo_ros2_ws/src/sllidar_ros2/./sdk/include/rplidar_cmd.h:36[m[K,
[4.394s]                  from [01m[K/home/heto/houseRobo_ros2_ws/src/sllidar_ros2/./sdk/include/rplidar.h:40[m[K,
[4.394s]                  from [01m[K/home/heto/houseRobo_ros2_ws/src/sllidar_ros2/sdk/src/sdkcommon.h:49[m[K,
[4.394s]                  from [01m[K/home/heto/houseRobo_ros2_ws/src/sllidar_ros2/sdk/src/rplidar_driver.cpp:33[m[K:
[4.394s] [01m[K/home/heto/houseRobo_ros2_ws/src/sllidar_ros2/./sdk/include/sl_lidar_cmd.h:295:20:[m[K [01;35m[Kwarning: [m[KISO C++ forbids zero-size array ‘[01m[Kpayload[m[K’ [[01;35m[K-Wpedantic[m[K]
[4.394s]   295 |     sl_u8  payload[[01;35m[K0[m[K];
[4.394s]       |                    [01;35m[K^[m[K
[4.410s] [01m[K/home/heto/houseRobo_ros2_ws/src/sllidar_ros2/sdk/src/arch/linux/net_socket.cpp:[m[K In member function ‘[01m[Kvirtual u_result rp::net::SocketAddress::getAddressAsString(char*, size_t) const[m[K’:
[4.410s] [01m[K/home/heto/houseRobo_ros2_ws/src/sllidar_ros2/sdk/src/arch/linux/net_socket.cpp:170:17:[m[K [01;35m[Kwarning: [m[Kordered comparison of pointer with integer zero [[01;35m[K-Wextra[m[K]
[4.410s]   170 |     return ans<=[01;35m[K0[m[K?RESULT_OPERATION_FAIL:RESULT_OK;
[4.410s]       |                 [01;35m[K^[m[K
[4.414s] [01m[K/home/heto/houseRobo_ros2_ws/src/sllidar_ros2/sdk/src/arch/linux/net_socket.cpp:[m[K In member function ‘[01m[Kvirtual u_result rp::arch::net::StreamSocketImpl::send(const void*, size_t)[m[K’:
[4.414s] [01m[K/home/heto/houseRobo_ros2_ws/src/sllidar_ros2/sdk/src/arch/linux/net_socket.cpp:438:17:[m[K [01;35m[Kwarning: [m[Kcomparison of integer expressions of different signedness: ‘[01m[Ksize_t[m[K’ {aka ‘[01m[Klong unsigned int[m[K’} and ‘[01m[Kint[m[K’ [[01;35m[K-Wsign-compare[m[K]
[4.414s]   438 |         if ([01;35m[Kans == (int)len[m[K) {
[4.414s]       |             [01;35m[K~~~~^~~~~~~~~~~[m[K
[4.416s] In file included from [01m[K/home/heto/houseRobo_ros2_ws/src/sllidar_ros2/./sdk/src/arch/linux/arch_linux.h:42[m[K,
[4.416s]                  from [01m[K/home/heto/houseRobo_ros2_ws/src/sllidar_ros2/./sdk/src/sdkcommon.h:41[m[K,
[4.416s]                  from [01m[K/home/heto/houseRobo_ros2_ws/src/sllidar_ros2/sdk/src/arch/linux/net_socket.cpp:10[m[K:
[4.416s] [01m[K/home/heto/houseRobo_ros2_ws/src/sllidar_ros2/sdk/src/arch/linux/net_socket.cpp:[m[K In member function ‘[01m[Kvirtual u_result rp::arch::net::DGramSocketImpl::sendTo(const rp::net::SocketAddress&, const void*, size_t)[m[K’:
[4.416s] [01m[K/home/heto/houseRobo_ros2_ws/src/sllidar_ros2/sdk/src/arch/linux/net_socket.cpp:726:24:[m[K [01;35m[Kwarning: [m[Kcomparison of integer expressions of different signedness: ‘[01m[Ksize_t[m[K’ {aka ‘[01m[Klong unsigned int[m[K’} and ‘[01m[Kint[m[K’ [[01;35m[K-Wsign-compare[m[K]
[4.417s]   726 |             assert([01;35m[Kans == (int)len[m[K);
[4.417s]       |                    [01;35m[K~~~~^~~~~~~~~~~[m[K
[4.426s] [01m[K/home/heto/houseRobo_ros2_ws/src/sllidar_ros2/sdk/src/sl_lidar_driver.cpp:[m[K In member function ‘[01m[Kvirtual sl_result sl::SlamtecLidarDriver::reset(sl_u32)[m[K’:
[4.426s] [01m[K/home/heto/houseRobo_ros2_ws/src/sllidar_ros2/sdk/src/sl_lidar_driver.cpp:273:32:[m[K [01;35m[Kwarning: [m[Kunused parameter ‘[01m[KtimeoutInMs[m[K’ [[01;35m[K-Wunused-parameter[m[K]
[4.426s]   273 |         sl_result reset([01;35m[Ksl_u32 timeoutInMs = DEFAULT_TIMEOUT[m[K)
[4.426s]       |                         [01;35m[K~~~~~~~^~~~~~~~~~~~~~~~~~~~~~~~~~~~~[m[K
[4.428s] [01m[K/home/heto/houseRobo_ros2_ws/src/sllidar_ros2/sdk/src/sl_lidar_driver.cpp:[m[K In member function ‘[01m[Kvirtual sl_result sl::SlamtecLidarDriver::getAllSupportedScanModes(std::vector<sl::LidarScanMode>&, sl_u32)[m[K’:
[4.428s] [01m[K/home/heto/houseRobo_ros2_ws/src/sllidar_ros2/sdk/src/sl_lidar_driver.cpp:286:89:[m[K [01;35m[Kwarning: [m[Kunused parameter ‘[01m[KtimeoutInMs[m[K’ [[01;35m[K-Wunused-parameter[m[K]
[4.428s]   286 |         sl_result getAllSupportedScanModes(std::vector<LidarScanMode>& outModes, [01;35m[Ksl_u32 timeoutInMs = DEFAULT_TIMEOUT[m[K)
[4.428s]       |                                                                                  [01;35m[K~~~~~~~^~~~~~~~~~~~~~~~~~~~~~~~~~~~~[m[K
[4.428s] [01m[K/home/heto/houseRobo_ros2_ws/src/sllidar_ros2/sdk/src/sl_lidar_driver.cpp:[m[K In member function ‘[01m[Kvirtual sl_result sl::SlamtecLidarDriver::startScan(bool, bool, sl_u32, sl::LidarScanMode*)[m[K’:
[4.428s] [01m[K/home/heto/houseRobo_ros2_ws/src/sllidar_ros2/sdk/src/sl_lidar_driver.cpp:347:69:[m[K [01;35m[Kwarning: [m[Kunused parameter ‘[01m[Koptions[m[K’ [[01;35m[K-Wunused-parameter[m[K]
[4.428s]   347 |         sl_result startScan(bool force, bool useTypicalScan, [01;35m[Ksl_u32 options = 0[m[K, LidarScanMode* outUsedScanMode = nullptr)
[4.428s]       |                                                              [01;35m[K~~~~~~~^~~~~~~~~~~[m[K
[4.430s] [01m[K/home/heto/houseRobo_ros2_ws/src/sllidar_ros2/sdk/src/sl_lidar_driver.cpp:[m[K In member function ‘[01m[Kvirtual sl_result sl::SlamtecLidarDriver::stop(sl_u32)[m[K’:
[4.430s] [01m[K/home/heto/houseRobo_ros2_ws/src/sllidar_ros2/sdk/src/sl_lidar_driver.cpp:534:31:[m[K [01;35m[Kwarning: [m[Kunused parameter ‘[01m[Ktimeout[m[K’ [[01;35m[K-Wunused-parameter[m[K]
[4.430s]   534 |         sl_result stop([01;35m[Ksl_u32 timeout = DEFAULT_TIMEOUT[m[K)
[4.430s]       |                        [01;35m[K~~~~~~~^~~~~~~~~~~~~~~~~~~~~~~~~[m[K
[4.430s] [01m[K/home/heto/houseRobo_ros2_ws/src/sllidar_ros2/sdk/src/sl_lidar_driver.cpp:[m[K In member function ‘[01m[Kvirtual sl_result sl::SlamtecLidarDriver::getDeviceInfo(sl_lidar_response_device_info_t&, sl_u32)[m[K’:
[4.431s] [01m[K/home/heto/houseRobo_ros2_ws/src/sllidar_ros2/sdk/src/sl_lidar_driver.cpp:579:79:[m[K [01;35m[Kwarning: [m[Kunused parameter ‘[01m[Ktimeout[m[K’ [[01;35m[K-Wunused-parameter[m[K]
[4.431s]   579 |         sl_result getDeviceInfo(sl_lidar_response_device_info_t& info, [01;35m[Ksl_u32 timeout = DEFAULT_TIMEOUT[m[K)
[4.431s]       |                                                                        [01;35m[K~~~~~~~^~~~~~~~~~~~~~~~~~~~~~~~~[m[K
[4.431s] [01m[K/home/heto/houseRobo_ros2_ws/src/sllidar_ros2/sdk/src/sl_lidar_driver.cpp:[m[K In member function ‘[01m[Kvirtual sl_result sl::SlamtecLidarDriver::checkMotorCtrlSupport(sl::MotorCtrlSupport&, sl_u32)[m[K’:
[4.431s] [01m[K/home/heto/houseRobo_ros2_ws/src/sllidar_ros2/sdk/src/sl_lidar_driver.cpp:592:76:[m[K [01;35m[Kwarning: [m[Kunused parameter ‘[01m[Ktimeout[m[K’ [[01;35m[K-Wunused-parameter[m[K]
[4.431s]   592 |         sl_result checkMotorCtrlSupport(MotorCtrlSupport & support, [01;35m[Ksl_u32 timeout = DEFAULT_TIMEOUT[m[K)
[4.431s]       |                                                                     [01;35m[K~~~~~~~^~~~~~~~~~~~~~~~~~~~~~~~~[m[K
[4.431s] [01m[K/home/heto/houseRobo_ros2_ws/src/sllidar_ros2/sdk/src/sl_lidar_driver.cpp:[m[K In member function ‘[01m[Kvirtual sl_result sl::SlamtecLidarDriver::getFrequency(const sl::LidarScanMode&, const sl_lidar_response_measurement_node_hq_t*, size_t, float&)[m[K’:
[4.431s] [01m[K/home/heto/houseRobo_ros2_ws/src/sllidar_ros2/sdk/src/sl_lidar_driver.cpp:627:110:[m[K [01;35m[Kwarning: [m[Kunused parameter ‘[01m[Knodes[m[K’ [[01;35m[K-Wunused-parameter[m[K]
[4.431s]   627 |         sl_result getFrequency(const LidarScanMode& scanMode, [01;35m[Kconst sl_lidar_response_measurement_node_hq_t* nodes[m[K, size_t count, float& frequency)
[4.431s]       |                                                               [01;35m[K~~~~~~~~~~~~~~~~~~~~~~~~~~~~~~~~~~~~~~~~~~~~~~~^~~~~[m[K
[4.431s] [01m[K/home/heto/houseRobo_ros2_ws/src/sllidar_ros2/sdk/src/sl_lidar_driver.cpp:[m[K In member function ‘[01m[Kvirtual sl_result sl::SlamtecLidarDriver::getHealth(sl_lidar_response_device_health_t&, sl_u32)[m[K’:
[4.432s] [01m[K/home/heto/houseRobo_ros2_ws/src/sllidar_ros2/sdk/src/sl_lidar_driver.cpp:640:79:[m[K [01;35m[Kwarning: [m[Kunused parameter ‘[01m[Ktimeout[m[K’ [[01;35m[K-Wunused-parameter[m[K]
[4.432s]   640 |         sl_result getHealth(sl_lidar_response_device_health_t& health, [01;35m[Ksl_u32 timeout = DEFAULT_TIMEOUT[m[K)
[4.432s]       |                                                                        [01;35m[K~~~~~~~^~~~~~~~~~~~~~~~~~~~~~~~~[m[K
[4.432s] [01m[K/home/heto/houseRobo_ros2_ws/src/sllidar_ros2/sdk/src/sl_lidar_driver.cpp:[m[K In member function ‘[01m[Kvirtual sl_result sl::SlamtecLidarDriver::getMotorInfo(sl::LidarMotorInfo&, sl_u32)[m[K’:
[4.432s] [01m[K/home/heto/houseRobo_ros2_ws/src/sllidar_ros2/sdk/src/sl_lidar_driver.cpp:730:66:[m[K [01;35m[Kwarning: [m[Kunused parameter ‘[01m[KtimeoutInMs[m[K’ [[01;35m[K-Wunused-parameter[m[K]
[4.432s]   730 |         sl_result getMotorInfo(LidarMotorInfo &motorInfo, [01;35m[Ksl_u32 timeoutInMs[m[K)
[4.432s]       |                                                           [01;35m[K~~~~~~~^~~~~~~~~~~[m[K
[4.434s] In file included from [01m[K/home/heto/houseRobo_ros2_ws/src/sllidar_ros2/sdk/src/hal/thread.cpp:43[m[K:
[4.434s] [01m[K/home/heto/houseRobo_ros2_ws/src/sllidar_ros2/./sdk/src/arch/linux/thread.hpp:[m[K In static member function ‘[01m[Kstatic rp::hal::Thread rp::hal::Thread::create(thread_proc_t, void*)[m[K’:
[4.434s] [01m[K/home/heto/houseRobo_ros2_ws/src/sllidar_ros2/./sdk/src/arch/linux/thread.hpp:48:77:[m[K [01;35m[Kwarning: [m[Kcast between incompatible function types from ‘[01m[Kthread_proc_t[m[K’ {aka ‘[01m[Klong unsigned int (*)(void*)[m[K’} to ‘[01m[Kvoid* (*)(void*)[m[K’ [[01;35m[K-Wcast-function-type[m[K]
[4.434s]    48 |     pthread_create((pthread_t *)&newborn._handle, NULL, (void * (*)(void *))[01;35m[Kproc[m[K, data);
[4.434s]       |                                                                             [01;35m[K^~~~[m[K
[4.434s] [01m[K/home/heto/houseRobo_ros2_ws/src/sllidar_ros2/./sdk/src/arch/linux/thread.hpp:[m[K In member function ‘[01m[Ku_result rp::hal::Thread::join(long unsigned int)[m[K’:
[4.434s] [01m[K/home/heto/houseRobo_ros2_ws/src/sllidar_ros2/./sdk/src/arch/linux/thread.hpp:129:37:[m[K [01;35m[Kwarning: [m[Kunused parameter ‘[01m[Ktimeout[m[K’ [[01;35m[K-Wunused-parameter[m[K]
[4.434s]   129 | u_result Thread::join([01;35m[Kunsigned long timeout[m[K)
[4.434s]       |                       [01;35m[K~~~~~~~~~~~~~~^~~~~~~[m[K
[4.435s] [01m[K/home/heto/houseRobo_ros2_ws/src/sllidar_ros2/sdk/src/sl_lidar_driver.cpp:[m[K In member function ‘[01m[Ksl_result sl::SlamtecLidarDriver::_sendCommand(sl_u16, const void*, size_t)[m[K’:
[4.435s] [01m[K/home/heto/houseRobo_ros2_ws/src/sllidar_ros2/sdk/src/sl_lidar_driver.cpp:1089:35:[m[K [01;35m[Kwarning: [m[Kcomparison of integer expressions of different signedness: ‘[01m[Kint[m[K’ and ‘[01m[Kstd::vector<unsigned char>::size_type[m[K’ {aka ‘[01m[Klong unsigned int[m[K’} [[01;35m[K-Wsign-compare[m[K]
[4.436s]  1089 |             for (int pos = 0; [01;35m[Kpos < cmd_packet.size()[m[K; pos++) {
[4.436s]       |                               [01;35m[K~~~~^~~~~~~~~~~~~~~~~~~[m[K
[4.436s] [01m[K/home/heto/houseRobo_ros2_ws/src/sllidar_ros2/sdk/src/sl_lidar_driver.cpp:1058:19:[m[K [01;35m[Kwarning: [m[Kunused variable ‘[01m[Kpkt_header[m[K’ [[01;35m[K-Wunused-variable[m[K]
[4.436s]  1058 |             sl_u8 [01;35m[Kpkt_header[m[K[10];
[4.436s]       |                   [01;35m[K^~~~~~~~~~[m[K
[4.438s] [01m[K/home/heto/houseRobo_ros2_ws/src/sllidar_ros2/sdk/src/sl_lidar_driver.cpp:[m[K In member function ‘[01m[Kvoid sl::SlamtecLidarDriver::_ultraCapsuleToNormal(const sl_lidar_response_ultra_capsule_measurement_nodes_t&, sl_lidar_response_measurement_node_hq_t*, size_t&)[m[K’:
[4.438s] [01m[K/home/heto/houseRobo_ros2_ws/src/sllidar_ros2/sdk/src/sl_lidar_driver.cpp:1370:40:[m[K [01;35m[Kwarning: [m[Kcomparison of integer expressions of different signedness: ‘[01m[Kint[m[K’ and ‘[01m[Kunsigned int[m[K’ [[01;35m[K-Wsign-compare[m[K]
[4.438s]  1370 |                     if (([01;35m[Kdist_predict1 == 0xFFFFFE00[m[K) || (dist_predict1 == 0x1FF)) {
[4.438s]       |                          [01;35m[K~~~~~~~~~~~~~~^~~~~~~~~~~~~[m[K
[4.438s] [01m[K/home/heto/houseRobo_ros2_ws/src/sllidar_ros2/sdk/src/sl_lidar_driver.cpp:1379:40:[m[K [01;35m[Kwarning: [m[Kcomparison of integer expressions of different signedness: ‘[01m[Kint[m[K’ and ‘[01m[Kunsigned int[m[K’ [[01;35m[K-Wsign-compare[m[K]
[4.438s]  1379 |                     if (([01;35m[Kdist_predict2 == 0xFFFFFE00[m[K) || (dist_predict2 == 0x1FF)) {
[4.438s]       |                          [01;35m[K~~~~~~~~~~~~~~^~~~~~~~~~~~~[m[K
[4.439s] [01m[K/home/heto/houseRobo_ros2_ws/src/sllidar_ros2/sdk/src/sl_lidar_driver.cpp:[m[K In member function ‘[01m[Kvoid sl::SlamtecLidarDriver::_dense_capsuleToNormal(const sl_lidar_response_capsule_measurement_nodes_t&, sl_lidar_response_measurement_node_hq_t*, size_t&)[m[K’:
[4.439s] [01m[K/home/heto/houseRobo_ros2_ws/src/sllidar_ros2/sdk/src/sl_lidar_driver.cpp:1577:116:[m[K [01;35m[Kwarning: [m[Ktype qualifiers ignored on cast result type [[01;35m[K-Wignored-qualifiers[m[K]
[4.439s]  1577 |                     const int dist = static_cast<const int>(_cached_previous_dense_capsuledata.cabins[pos].distance[01;35m[K)[m[K;
[4.439s]       |                                                                                                                    [01;35m[K^[m[K
[4.457s] [01m[K/home/heto/houseRobo_ros2_ws/src/sllidar_ros2/sdk/src/rplidar_driver.cpp:[m[K In member function ‘[01m[Ku_result rp::standalone::rplidar::RPlidarDriver::connect(const char*, _u32, _u32)[m[K’:
[4.457s] [01m[K/home/heto/houseRobo_ros2_ws/src/sllidar_ros2/sdk/src/rplidar_driver.cpp:67:77:[m[K [01;35m[Kwarning: [m[Kunused parameter ‘[01m[Kflag[m[K’ [[01;35m[K-Wunused-parameter[m[K]
[4.457s]    67 |     u_result RPlidarDriver::connect(const char *path, _u32 portOrBaud, [01;35m[K_u32 flag[m[K)
[4.457s]       |                                                                        [01;35m[K~~~~~^~~~[m[K
[4.457s] [01m[K/home/heto/houseRobo_ros2_ws/src/sllidar_ros2/sdk/src/rplidar_driver.cpp:[m[K In member function ‘[01m[Ku_result rp::standalone::rplidar::RPlidarDriver::reset(_u32)[m[K’:
[4.457s] [01m[K/home/heto/houseRobo_ros2_ws/src/sllidar_ros2/sdk/src/rplidar_driver.cpp:101:40:[m[K [01;35m[Kwarning: [m[Kunused parameter ‘[01m[Ktimeout[m[K’ [[01;35m[K-Wunused-parameter[m[K]
[4.457s]   101 |     u_result RPlidarDriver::reset([01;35m[K_u32 timeout[m[K)
[4.457s]       |                                   [01;35m[K~~~~~^~~~~~~[m[K
[4.458s] [01m[K/home/heto/houseRobo_ros2_ws/src/sllidar_ros2/sdk/src/rplidar_driver.cpp:[m[K In member function ‘[01m[Ku_result rp::standalone::rplidar::RPlidarDriver::getScanDataWithInterval(rplidar_response_measurement_node_t*, size_t&)[m[K’:
[4.458s] [01m[K/home/heto/houseRobo_ros2_ws/src/sllidar_ros2/sdk/src/rplidar_driver.cpp:175:91:[m[K [01;35m[Kwarning: [m[Kunused parameter ‘[01m[Knodebuffer[m[K’ [[01;35m[K-Wunused-parameter[m[K]
[4.458s]   175 |     u_result RPlidarDriver::getScanDataWithInterval([01;35m[Krplidar_response_measurement_node_t * nodebuffer[m[K, size_t & count)
[4.458s]       |                                                     [01;35m[K~~~~~~~~~~~~~~~~~~~~~~~~~~~~~~~~~~~~~~^~~~~~~~~~[m[K
[4.458s] [01m[K/home/heto/houseRobo_ros2_ws/src/sllidar_ros2/sdk/src/rplidar_driver.cpp:175:112:[m[K [01;35m[Kwarning: [m[Kunused parameter ‘[01m[Kcount[m[K’ [[01;35m[K-Wunused-parameter[m[K]
[4.458s]   175 |     u_result RPlidarDriver::getScanDataWithInterval(rplidar_response_measurement_node_t * nodebuffer, [01;35m[Ksize_t & count[m[K)
[4.458s]       |                                                                                                       [01;35m[K~~~~~~~~~^~~~~[m[K
[4.459s] [01m[K/home/heto/houseRobo_ros2_ws/src/sllidar_ros2/sdk/src/arch/linux/net_socket.cpp:722:47:[m[K [01;35m[Kwarning: [m[Knonnull argument ‘[01m[Ktarget[m[K’ compared to NULL [[01;35m[K-Wnonnull-compare[m[K]
[4.459s]   722 |         const struct sockaddr* addr = &target [01;35m[K?[m[K reinterpret_cast<const struct sockaddr*>(target.getPlatformData()) : NULL;
[4.459s]       |                                               [01;35m[K^[m[K
[4.502s] [01m[K/home/heto/houseRobo_ros2_ws/src/sllidar_ros2/sdk/src/sl_lidar_driver.cpp:[m[K At global scope:
[4.502s] [01m[K/home/heto/houseRobo_ros2_ws/src/sllidar_ros2/sdk/src/sl_lidar_driver.cpp:72:17:[m[K [01;35m[Kwarning: [m[K‘[01m[Kvoid sl::convert(const sl_lidar_response_measurement_node_hq_t&, sl_lidar_response_measurement_node_t&)[m[K’ defined but not used [[01;35m[K-Wunused-function[m[K]
[4.502s]    72 |     static void [01;35m[Kconvert[m[K(const sl_lidar_response_measurement_node_hq_t& from, sl_lidar_response_measurement_node_t& to)
[4.502s]       |                 [01;35m[K^~~~~~~[m[K
[4.502s] [01m[K/home/heto/houseRobo_ros2_ws/src/sllidar_ros2/sdk/src/sl_lidar_driver.cpp:59:17:[m[K [01;35m[Kwarning: [m[K‘[01m[Kvoid sl::printDeprecationWarn(const char*, const char*)[m[K’ defined but not used [[01;35m[K-Wunused-function[m[K]
[4.502s]    59 |     static void [01;35m[KprintDeprecationWarn[m[K(const char* fn, const char* replacement)
[4.502s]       |                 [01;35m[K^~~~~~~~~~~~~~~~~~~~[m[K
[5.173s] In file included from [01m[K/home/heto/houseRobo_ros2_ws/src/sllidar_ros2/./sdk/include/sl_lidar_cmd.h:36[m[K,
[5.173s]                  from [01m[K/home/heto/houseRobo_ros2_ws/src/sllidar_ros2/./sdk/include/sl_lidar_driver.h:54[m[K,
[5.173s]                  from [01m[K/home/heto/houseRobo_ros2_ws/src/sllidar_ros2/./sdk/include/sl_lidar.h:36[m[K,
[5.173s]                  from [01m[K/home/heto/houseRobo_ros2_ws/src/sllidar_ros2/src/sllidar_node.cpp:38[m[K:
[5.174s] [01m[K/home/heto/houseRobo_ros2_ws/src/sllidar_ros2/./sdk/include/sl_lidar_protocol.h:58:16:[m[K [01;35m[Kwarning: [m[KISO C++ forbids zero-size array ‘[01m[Kdata[m[K’ [[01;35m[K-Wpedantic[m[K]
[5.174s]    58 |     sl_u8 data[[01;35m[K0[m[K];
[5.174s]       |                [01;35m[K^[m[K
[5.174s] In file included from [01m[K/home/heto/houseRobo_ros2_ws/src/sllidar_ros2/./sdk/include/sl_lidar_driver.h:54[m[K,
[5.174s]                  from [01m[K/home/heto/houseRobo_ros2_ws/src/sllidar_ros2/./sdk/include/sl_lidar.h:36[m[K,
[5.174s]                  from [01m[K/home/heto/houseRobo_ros2_ws/src/sllidar_ros2/src/sllidar_node.cpp:38[m[K:
[5.174s] [01m[K/home/heto/houseRobo_ros2_ws/src/sllidar_ros2/./sdk/include/sl_lidar_cmd.h:295:20:[m[K [01;35m[Kwarning: [m[KISO C++ forbids zero-size array ‘[01m[Kpayload[m[K’ [[01;35m[K-Wpedantic[m[K]
[5.174s]   295 |     sl_u8  payload[[01;35m[K0[m[K];
[5.174s]       |                    [01;35m[K^[m[K
[5.940s] [01m[K/home/heto/houseRobo_ros2_ws/src/sllidar_ros2/src/sllidar_node.cpp:[m[K In member function ‘[01m[Kbool SLlidarNode::checkSLLIDARHealth(sl::ILidarDriver*)[m[K’:
[5.940s] [01m[K/home/heto/houseRobo_ros2_ws/src/sllidar_ros2/src/sllidar_node.cpp:147:5:[m[K [01;35m[Kwarning: [m[Kcontrol reaches end of non-void function [[01;35m[K-Wreturn-type[m[K]
[5.940s]   147 |     [01;35m[K}[m[K
[5.940s]       |     [01;35m[K^[m[K
[6.752s] [ 92%] [32m[1mLinking CXX executable sllidar_node[0m
[6.911s] [ 92%] Built target sllidar_node
[7.688s] [100%] [32m[1mLinking CXX executable sllidar_client[0m
[7.854s] [100%] Built target sllidar_client
[7.860s] Invoked command in '/home/heto/houseRobo_ros2_ws/build/sllidar_ros2' returned '0': CMAKE_PREFIX_PATH=/opt/ros/foxy CONDA_PROMPT_MODIFIER=(base) /usr/bin/cmake --build /home/heto/houseRobo_ros2_ws/build/sllidar_ros2 -- -j16 -l16
[7.888s] Invoking command in '/home/heto/houseRobo_ros2_ws/build/sllidar_ros2': CMAKE_PREFIX_PATH=/opt/ros/foxy CONDA_PROMPT_MODIFIER=(base) /usr/bin/cmake --install /home/heto/houseRobo_ros2_ws/build/sllidar_ros2
[7.892s] -- Install configuration: ""
[7.892s] -- Execute custom install script
[7.893s] -- Symlinking: /home/heto/houseRobo_ros2_ws/install/sllidar_ros2/share/sllidar_ros2/launch/sllidar_a3_launch.py
[7.897s] -- Symlinking: /home/heto/houseRobo_ros2_ws/install/sllidar_ros2/share/sllidar_ros2/launch/sllidar_launch.py
[7.901s] -- Symlinking: /home/heto/houseRobo_ros2_ws/install/sllidar_ros2/share/sllidar_ros2/launch/sllidar_s1_launch.py
[7.905s] -- Symlinking: /home/heto/houseRobo_ros2_ws/install/sllidar_ros2/share/sllidar_ros2/launch/sllidar_s1_tcp_launch.py
[7.909s] -- Symlinking: /home/heto/houseRobo_ros2_ws/install/sllidar_ros2/share/sllidar_ros2/launch/sllidar_s2_launch.py
[7.913s] -- Symlinking: /home/heto/houseRobo_ros2_ws/install/sllidar_ros2/share/sllidar_ros2/launch/sllidar_s2e_launch.py
[7.918s] -- Symlinking: /home/heto/houseRobo_ros2_ws/install/sllidar_ros2/share/sllidar_ros2/launch/sllidar_t1_launch.py
[7.922s] -- Symlinking: /home/heto/houseRobo_ros2_ws/install/sllidar_ros2/share/sllidar_ros2/launch/view_sllidar_a3_launch.py
[7.927s] -- Symlinking: /home/heto/houseRobo_ros2_ws/install/sllidar_ros2/share/sllidar_ros2/launch/view_sllidar_launch.py
[7.931s] -- Symlinking: /home/heto/houseRobo_ros2_ws/install/sllidar_ros2/share/sllidar_ros2/launch/view_sllidar_s1_launch.py
[7.935s] -- Symlinking: /home/heto/houseRobo_ros2_ws/install/sllidar_ros2/share/sllidar_ros2/launch/view_sllidar_s1_tcp_launch.py
[7.940s] -- Symlinking: /home/heto/houseRobo_ros2_ws/install/sllidar_ros2/share/sllidar_ros2/launch/view_sllidar_s2_launch.py
[7.944s] -- Symlinking: /home/heto/houseRobo_ros2_ws/install/sllidar_ros2/share/sllidar_ros2/launch/view_sllidar_s2e_launch.py
[7.948s] -- Symlinking: /home/heto/houseRobo_ros2_ws/install/sllidar_ros2/share/sllidar_ros2/launch/view_sllidar_t1_launch.py
[7.956s] -- Symlinking: /home/heto/houseRobo_ros2_ws/install/sllidar_ros2/share/sllidar_ros2/rviz/sllidar_ros2.rviz
[7.961s] -- Symlinking: /home/heto/houseRobo_ros2_ws/install/sllidar_ros2/lib/sllidar_ros2/sllidar_node
[7.966s] -- Symlinking: /home/heto/houseRobo_ros2_ws/install/sllidar_ros2/lib/sllidar_ros2/sllidar_client
[7.971s] -- Symlinking: /home/heto/houseRobo_ros2_ws/install/sllidar_ros2/share/ament_index/resource_index/package_run_dependencies/sllidar_ros2
[7.975s] -- Symlinking: /home/heto/houseRobo_ros2_ws/install/sllidar_ros2/share/ament_index/resource_index/parent_prefix_path/sllidar_ros2
[7.980s] -- Symlinking: /home/heto/houseRobo_ros2_ws/install/sllidar_ros2/share/sllidar_ros2/environment/ament_prefix_path.sh
[7.984s] -- Symlinking: /home/heto/houseRobo_ros2_ws/install/sllidar_ros2/share/sllidar_ros2/environment/ament_prefix_path.dsv
[7.989s] -- Symlinking: /home/heto/houseRobo_ros2_ws/install/sllidar_ros2/share/sllidar_ros2/environment/path.sh
[7.993s] -- Symlinking: /home/heto/houseRobo_ros2_ws/install/sllidar_ros2/share/sllidar_ros2/environment/path.dsv
[7.997s] -- Symlinking: /home/heto/houseRobo_ros2_ws/install/sllidar_ros2/share/sllidar_ros2/local_setup.bash
[8.001s] -- Symlinking: /home/heto/houseRobo_ros2_ws/install/sllidar_ros2/share/sllidar_ros2/local_setup.sh
[8.005s] -- Symlinking: /home/heto/houseRobo_ros2_ws/install/sllidar_ros2/share/sllidar_ros2/local_setup.zsh
[8.009s] -- Symlinking: /home/heto/houseRobo_ros2_ws/install/sllidar_ros2/share/sllidar_ros2/local_setup.dsv
[8.015s] -- Symlinking: /home/heto/houseRobo_ros2_ws/install/sllidar_ros2/share/sllidar_ros2/package.dsv
[8.020s] -- Symlinking: /home/heto/houseRobo_ros2_ws/install/sllidar_ros2/share/ament_index/resource_index/packages/sllidar_ros2
[8.024s] -- Symlinking: /home/heto/houseRobo_ros2_ws/install/sllidar_ros2/share/sllidar_ros2/cmake/ament_cmake_export_dependencies-extras.cmake
[8.028s] -- Symlinking: /home/heto/houseRobo_ros2_ws/install/sllidar_ros2/share/sllidar_ros2/cmake/ament_cmake_export_include_directories-extras.cmake
[8.033s] -- Symlinking: /home/heto/houseRobo_ros2_ws/install/sllidar_ros2/share/sllidar_ros2/cmake/sllidar_ros2Config.cmake
[8.037s] -- Symlinking: /home/heto/houseRobo_ros2_ws/install/sllidar_ros2/share/sllidar_ros2/cmake/sllidar_ros2Config-version.cmake
[8.041s] -- Symlinking: /home/heto/houseRobo_ros2_ws/install/sllidar_ros2/share/sllidar_ros2/package.xml
[8.047s] Invoked command in '/home/heto/houseRobo_ros2_ws/build/sllidar_ros2' returned '0': CMAKE_PREFIX_PATH=/opt/ros/foxy CONDA_PROMPT_MODIFIER=(base) /usr/bin/cmake --install /home/heto/houseRobo_ros2_ws/build/sllidar_ros2
